Case #1:
GCJ
GCJ
GCJ
Case #2:
CODE
CODE
CJAM
Case #3:
CA
KE
Case #4:
MMMFPBQANLVJJJYKRHHOIWWWS
MMMFPBQANLVJJJYKRHHOIWWWS
MMMFPBQANLVJJJYKRHHOIWWWS
MMMFPBQANLVJJJYKRHHOIWWWS
MMMFPBQANLVJJJYKRHHOIWWWS
MMMFPBQANLVJJJYKRHHOIWWWS
MMMFPBQANLVJJJYKRHHOIWWWS
MMMFPBQANLVJJJYKRHHOIWWWS
MMMFPBQANLVJJJYKRHHOIWWWS
MMMFPBQANLVJJJYKRHHOIWWWS
MMMFPBZANLVJJJYKRHHOIWWWS
MMMFPBZANLVJJJYKEHHOIWWWS
MMMFPBZANLVJJJYKUHHOIWWWS
MMMFPBZANLVJJJYKUHHOIWWWS
MMMFPBZANLVJJJYKUHHOIWWWS
MMMFPBZANLVJJJYKUHHOIWWWS
MMMFPBZANLVJJJYKUHHOIWWWG
MMMFPBZANLVJJJYKUHHOIWWWG
MMMFPBZANLVJJJYKUHHOIWWWG
MMMFPTZANLVJJJYKUHHOIWWWG
MMMFPTZANLVJJJYKUHHOIWWWG
MMMFPTZANLVJJJYKUHHOXWWWG
MMMFPTZDNLVJJJYKUHHOXWWWG
MMMFPTZDNLVJJJYKUHHOXCCCG
MMMFPTZDNLVJJJYKUHHOXCCCG
Case #5:
HVOMMCKAATYIDDDDDDDDDDDDD
HVOMMCKAATYIDDDDDDDDDDDDD
HVOMMCKAATYIDDDDDDDDDDDDD
HVOMMCKAATYIDDDDDDDDDDDDD
HVOMMCKAATYIDDDDDDDDDDDDD
HVOMMCKAATYIDDDDDDDDDDDDD
HVOMMCKAATYIDDDDDDDDDDDDD
HVOMMCKAATYIDDDDDDDDDDDDD
HVOMMCKAATYIDDDDDDDDDDDDD
HVOMMCKAATYIDDDDDDDDDDDDD
HVOMMCKAATYIDDDDDDDDDDDDD
HVOMMCKAATYIDDDDDDDDDDDDD
HVOMMCKAATYIDDDDDDDDDDDDD
HVOMMCKAATYIDDDDDDDDDDDDD
HVOMMCKAATYIDDDDDDDDDDDDD
HVOMMCKAATYIDDDDDDDDDDDDD
HVOMMCKAATYIDDDDDDDDDDDDD
HVOMMCKAATYIDDDDDDDDDDDDD
HVFUUCKAATYIDDDDDDDDDDDDD
HLFUUCKAATYIDDDDDDDDDDDDD
HXGPPCKAATYIDDDDDDDDDDDDD
HXGPPRKAANYIDDDDDDDDDDDDD
HZGPPEKAANYIDDDDDDDDDDDDD
HZGPPEJAANSBDDDDDDDDDDDDD
HZGPPEJAAQSBWWWWWWWWWWWWW
Case #6:
KKKKKKKKKKKQWWTIBHVXMEEOO
KKKKKKKKKKKQWWTIBHVXMEEOO
KKKKKKKKKKKQWWTIBHVXMEEOO
KKKKKKKKKKKQWWTIBHVXMEEOO
KKKKKKKKKKKQWWTIBHVXMEEOO
KKKKKKKKKKKQWWTIBHVXMEEOO
KKKKKKKKKKKQWWTIBHVXMEEOO
KKKKKKKKKKKQWWTIBHSXMEEOO
KKKKKKKKKKKQWWTNBHSXMEEOO
KKKKKKKKKKKQWWTNBHSXMEEOO
KKKKKKKKKKKCWWTNBHSXMEEOO
JJJJJJJJJJJCWWTNBHSXMEEOO
JJJJJJJJJJJCPPTNBHSXMEEOO
JJJJJJJJJJJCRRTDBHSXMEEOO
JJJJJJJJJJJCRRTDBHFXMUUOO
JJJJJJJJJJJCGGTDBHLZMUUOO
JJJJJJJJJJJCGGTDBHLZMUUOO
JJJJJJJJJJJCGGTDBYLZMUUOO
JJJJJJJJJJJCGGTDAYLZMUUOO
JJJJJJJJJJJCGGTDAYLZMUUOO
JJJJJJJJJJJCGGTDAYLZMUUOO
JJJJJJJJJJJCGGTDAYLZMUUOO
JJJJJJJJJJJCGGTDAYLZMUUOO
JJJJJJJJJJJCGGTDAYLZMUUOO
JJJJJJJJJJJCGGTDAYLZMUUOO
Case #7:
WWUNOOAAFTJXMPHHSIRRKEEEE
WWUNOOAAFTJXMPHHSIRRKEEEE
WWUNOOAAFTJXMPHHSIRRCEEEE
WWUNOOAAFTJXMPHHSIRRCEEEE
WWUNOOAAFTJXMPHHSIRRGEEEE
WWUNOOAAFTJXMPHHSIRRGEEEE
WWUNOOAAFTJXMPHHSIRRGEEEE
WWUNOOAAFTJXMPHHSIRRGEEEE
WWUNOOAAFTJXMPHHYIRRGEEEE
WWUNOOAAFTJXMPHHQIRRGEEEE
WWUNOOAAFTJXMPHHQIRRGEEEE
WWUNOOAAFTJXMPHHQIRRGEEEE
WWUNOOAAFTJXMPHHQIRRGEEEE
WWUNOOAAFTJXMPHHQIRRGEEEE
WWUNOOAAFTJXMPHHQIRRGEEEE
WWUNOOAAFTJXMPHHQIBBGEEEE
WWUNOOAAFTJXMPHHQIBBGEEEE
WWUNOOAAFTJXMPHHQIBBGEEEE
WWUNOOAAFTJLMDHHQIBBGEEEE
WWUNOOAAFTJLMDHHQIBBGEEEE
WWUNOOAAFTJLMDHHQIBBGEEEE
WWZNOOAAFTVLMDHHQIBBGEEEE
WWZNOOAAFTVLMDHHQIBBGEEEE
WWZNOOAAFTVLMDHHQIBBGEEEE
WWZNOOAAFTVLMDHHQIBBGEEEE
Case #8:
GGGHWITOKQUUUURRRSSMBBDYJ
GGGHWITOKQUUUURRRSSMBBDYJ
GGGHWITOKQUUUURRRSSMBBDYJ
GGGHWITOKQUUUURRRSSMBBDYJ
GGGHWITOKQUUUURRRSSMBBDYJ
GGGHWITOKQUUUURRREEMBBDYJ
GGGHWITOKQUUUURRREEMBBDYJ
GGGHWITOKQUUUURRREEMBBDYJ
GGGHWXTOKQUUUURRREEMBBDYJ
GGGHWXTOKQUUUUAAAEEMBBDYJ
GGGHWXTOKQUUUUAAAEEMBBDYJ
GGGHWXTOKQUUUUAAAEEMBBDYJ
GGGHWXTOKQUUUUAAAEEMBBDYJ
GGGHWXTOKQUUUUAAAEEMBBDYJ
GGGHWXTOKQUUUUAAAEEMBBDNJ
GGGHWXTOKQUUUUAAALLMBBDPJ
GGGHWXTOKQUUUUAAALLMBBDPJ
GGGHWXTOKQUUUUAAALLMBBDPJ
GGGHWXTOKQUUUUAAALLMCCDPJ
GGGHWXTOKQVVVVAAALLMCCDPJ
GGGHWXTOKQVVVVAAALLMFFDPJ
GGGHWXTOKQVVVVAAALLMZZDPJ
GGGHWXTOKQVVVVAAALLMZZDPJ
GGGHWXTOKQVVVVAAALLMZZDPJ
GGGHWXTOKQVVVVAAALLMZZDPJ
Case #9:
ABCCC
ABCCC
ABCCC
ABCCC
ABCCC
ABCCC
ABCCC
Case #10:
AAAAAAAAAAAAAAAAAAAAAAAAA
BBBBBBBBBBBBBBBBBBBBBBBBB
CCCCCCCCCCCCCCCCCCCCCCCCC
DDDDDDDDDDDDDDDDDDDDDDDDD
EEEEEEEEEEEEEEEEEEEEEEEEE
FFFFFFFFFFFFFFFFFFFFFFFFF
GGGGGGGGGGGGGGGGGGGGGGGGG
HHHHHHHHHHHHHHHHHHHHHHHHH
IIIIIIIIIIIIIIIIIIIIIIIII
JJJJJJJJJJJJJJJJJJJJJJJJJ
KKKKKKKKKKKKKKKKKKKKKKKKK
LLLLLLLLLLLLLLLLLLLLLLLLL
MMMMMMMMMMMMMMMMMMMMMMMMM
NNNNNNNNNNNNNNNNNNNNNNNNN
OOOOOOOOOOOOOOOOOOOOOOOOO
PPPPPPPPPPPPPPPPPPPPPPPPP
QQQQQQQQQQQQQQQQQQQQQQQQQ
RRRRRRRRRRRRRRRRRRRRRRRRR
SSSSSSSSSSSSSSSSSSSSSSSSS
TTTTTTTTTTTTTTTTTTTTTTTTT
UUUUUUUUUUUUUUUUUUUUUUUUU
VVVVVVVVVVVVVVVVVVVVVVVVV
WWWWWWWWWWWWWWWWWWWWWWWWW
XXXXXXXXXXXXXXXXXXXXXXXXX
YYYYYYYYYYYYYYYYYYYYYYYYY
Case #11:
AAAAAAAAAAAAAAAAAAAAAAAAA
BBBBBBBBBBBBBBBBBBBBBBBBB
CCCCCCCCCCCCCCCCCCCCCCCCC
DDDDDDDDDDDDDDDDDDDDDDDDD
EEEEEEEEEEEEEEEEEEEEEEEEE
FFFFFFFFFFFFFFFFFFFFFFFFF
GGGGGGGGGGGGGGGGGGGGGGGGG
HHHHHHHHHHHHHHHHHHHHHHHHH
IIIIIIIIIIIIIIIIIIIIIIIII
JJJJJJJJJJJJJJJJJJJJJJJJJ
KKKKKKKKKKKKKKKKKKKKKKKKK
LLLLLLLLLLLLLLLLLLLLLLLLL
MMMMMMMMMMMMMMMMMMMMMMMMM
NNNNNNNNNNNNNNNNNNNNNNNNN
OOOOOOOOOOOOOOOOOOOOOOOOO
PPPPPPPPPPPPPPPPPPPPPPPPP
QQQQQQQQQQQQQQQQQQQQQQQQQ
RRRRRRRRRRRRRRRRRRRRRRRRR
SSSSSSSSSSSSSSSSSSSSSSSSS
TTTTTTTTTTTTTTTTTTTTTTTTT
UUUUUUUUUUUUUUUUUUUUUUUUU
VVVVVVVVVVVVVVVVVVVVVVVVV
WWWWWWWWWWWWWWWWWWWWWWWWW
XXXXXXXXXXXXXXXXXXXXXXXXX
YYYYYYYYYYYYYYYYYYYYYYYYY
Case #12:
AAAAAAAAAAAAAAAAAAAEEEEBB
AAAAAAAAAAAAAAAAAAAEEEEBB
AAAAAAAAAAAAAAAAAAAEEEEBB
AAAAAAAAAAAAAAAAAAAEEEEBB
AAAAAAAAAAAAAAAAAAAEEEEBB
AAAAAAAAAAAAAAAAAAAEEEEBB
AAAAAAAAAAAAAAAAAAAEEEEBB
AAAAAAAAAAAAAAAAAAAEEEEBB
AAAAAAAAAAAAAAAAAAAEEEEBB
AAAAAAAAAAAAAAAAAAAEEEEBB
AAAAAAAAAAAAAAAAAAAEEEEBB
AAAAAAAAAAAAAAAAAAAEEEEBB
AAAAAAAAAAAAAAAAAAAEEEEBB
AAAAAAAAAAAAAAAAAAAEEEEBB
AAAAAAAAAAAAAAAAAAAEEEEBB
AAAAAAAAAAAAAAAAAAAEEEEBB
AAAAAAAAAAAAAAAAAAAEEEEBB
CCCCCCCCCCCCCCCCCCCEEEEBB
CCCCCCCCCCCCCCCCCCCEEEEDD
CCCCCCCCCCCCCCCCCCCEEEEDD
CCCCCCCCCCCCCCCCCCCEEEEDD
CCCCCCCCCCCCCCCCCCCEEEEDD
CCCCCCCCCCCCCCCCCCCEEEEDD
CCCCCCCCCCCCCCCCCCCEEEEDD
CCCCCCCCCCCCCCCCCCCEEEEDD
Case #13:
AAAAAAAAAAAAAAAAAAAAAAAAA
AAAAAAAAAAAAAAAAAAAAAAAAA
AAAAAAAAAAAAAAAAAAAAAAAAA
AAAAAAAAAAAAAAAAAAAAAAAAA
AAAAAAAAAAAAAAAAAAAAAAAAA
AAAAAAAAAAAAAAAAAAAAAAAAA
AAAAAAAAAAAAAAAAAAAAAAAAA
AAAAAAAAAAAAAAAAAAAAAAAAA
AAAAAAAAAAAAAAAAAAAAAAAAA
AAAAAAAAAAAAAAAAAAAAAAAAA
AAAAAAAAAAAAAAAAAAAAAAAAA
AAAAAAAAAAAAAAAAAAAAAAAAA
AAAAAAAAAAAAAAAAAAAAAAAAA
AAAAAAAAAAAAAAAAAAAAAAAAA
AAAAAAAAAAAAAAAAAAAAAAAAA
AAAAAAAAAAAAAAAAAAAAAAAAA
AAAAAAAAAAAAAAAAAAAAAAAAA
AAAAAAAAAAAAAAAAAAAAAAAAA
AAAAAAAAAAAAAAAAAAAAAAAAA
AAAAAAAAAAAAAAAAAAAAAAAAA
AAAAAAAAAAAAAAAAAAAAAAAAA
AAAAAAAAAAAAAAAAAAAAAAAAA
AAAAAAAAAAAAAAAAAAAAAAAAA
AAAAAAAAAAAAAAAAAAAAAAAAA
AAAAAAAAAAAAAAAAAAAAAAAAA
Case #14:
L
A
F
I
C
C
C
H
H
M
B
B
B
B
B
E
K
K
D
D
D
G
G
J
J
Case #15:
IIIIIISTLMMYVGCRRRODWQUUU
IIIIIISTLMMYVGCRRRODWQUUU
IIIIIISTLMMYVGCRRRODWQUUU
IIIIIISTLMMYVGCRRRODWQUUU
IIIIIISTLMMYVGCRRRODWQUUU
IIIIIISTLMMYVGCRRRODWQUUU
IIIIIISTLMMYVGCRRRODWQUUU
IIIIIISTLMMYVKCRRRODWQUUU
IIIIIISTLMMPVKCRRRODWQUUU
IIIIIISTLMMPVKCRRRODWQUUU
IIIIIISTLMMPVKCRRRODWQUUU
HHHHHHSTLMMBVFCRRRODWQUUU
HHHHHHSTLMMBVFCRRROXWQUUU
HHHHHHSTLMMBVFCRRROXWQUUU
HHHHHHSTLMMBVFCRRROXWQUUU
HHHHHHSNLMMBVFCRRROXWQUUU
HHHHHHSNLMMBVFCRRROXWQUUU
HHHHHHSNLMMBVFCRRROXWQUUU
HHHHHHSNLMMBVFCRRROXWQUUU
HHHHHHSNLMMBVECRRROXWQUUU
HHHHHHSNLMMBVECRRROXWQUUU
HHHHHHSNLMMBVECRRROXWQUUU
HHHHHHSNLMMBVECRRROXWQUUU
HHHHHHSNLMMZVECRRROXWQUUU
HHHHHHSNJMMZVECRRROXWQAAA
Case #16:
ABCDEFGHIJKLMNOPQRSTUVWXY
ABCDEFGHIJKLMNOPQRSTUVWXY
ABCDEFGHIJKLMNOPQRSTUVWXY
ABCDEFGHIJKLMNOPQRSTUVWXY
ABCDEFGHIJKLMNOPQRSTUVWXY
ABCDEFGHIJKLMNOPQRSTUVWXY
ABCDEFGHIJKLMNOPQRSTUVWXY
ABCDEFGHIJKLMNOPQRSTUVWXY
ABCDEFGHIJKLMNOPQRSTUVWXY
ABCDEFGHIJKLMNOPQRSTUVWXY
ABCDEFGHIJKLMNOPQRSTUVWXY
ABCDEFGHIJKLMNOPQRSTUVWXY
ABCDEFGHIJKLMNOPQRSTUVWXY
ABCDEFGHIJKLMNOPQRSTUVWXY
ABCDEFGHIJKLMNOPQRSTUVWXY
ABCDEFGHIJKLMNOPQRSTUVWXY
ABCDEFGHIJKLMNOPQRSTUVWXY
ABCDEFGHIJKLMNOPQRSTUVWXY
ABCDEFGHIJKLMNOPQRSTUVWXY
ABCDEFGHIJKLMNOPQRSTUVWXY
ABCDEFGHIJKLMNOPQRSTUVWXY
ABCDEFGHIJKLMNOPQRSTUVWXY
ABCDEFGHIJKLMNOPQRSTUVWXY
ABCDEFGHIJKLMNOPQRSTUVWXY
ABCDEFGHIJKLMNOPQRSTUVWXY
Case #17:
YYYYYYYYYOLDFNBBIRRRRRRRR
YYYYYYYYYOLDFNBBIRRRRRRRR
YYYYYYYYYOLDFNBBIRRRRRRRR
YYYYYYYYYOLDFNBBIRRRRRRRR
YYYYYYYYYOLDFNBBIRRRRRRRR
YYYYYYYYYOLDFNBBIRRRRRRRR
YYYYYYYYYOLDFNBBIRRRRRRRR
YYYYYYYYYOLDFNBBIRRRRRRRR
YYYYYYYYYOLDFNBBIRRRRRRRR
YYYYYYYYYOLDFNBBIRRRRRRRR
YYYYYYYYYOLDFNBBIRRRRRRRR
YYYYYYYYYOLDFNBBIRRRRRRRR
YYYYYYYYYOLDFNBBIRRRRRRRR
YYYYYYYYYOLDPNBBIRRRRRRRR
YYYYYYYYYOLVXNBBIRRRRRRRR
YYYYYYYYYOLVQNBBIRRRRRRRR
YYYYYYYYYOLGUNBBIRRRRRRRR
YYYYYYYYYOLGKNBBIRRRRRRRR
YYYYYYYYYJLGAMBBIRRRRRRRR
YYYYYYYYYJZGCMBBIRRRRRRRR
YYYYYYYYYJZTCMBBIRRRRRRRR
YYYYYYYYYJZHEWBBIRRRRRRRR
YYYYYYYYYJZHSWBBIRRRRRRRR
YYYYYYYYYJZHSWBBIRRRRRRRR
YYYYYYYYYJZHSWBBIRRRRRRRR
Case #18:
AC
AB
Case #19:
EEEEEEEEEEEEEEEEEEEEILSTM
EEEEEEEEEEEEEEEEEEEEILSTM
EEEEEEEEEEEEEEEEEEEEILSTM
EEEEEEEEEEEEEEEEEEEEILSTG
EEEEEEEEEEEEEEEEEEEEILZNG
EEEEEEEEEEEEEEEEEEEEJCZYD
EEEEEEEEEEEEEEEEEEEEHCZAD
EEEEEEEEEEEEEEEEEEEEWFZUD
EEEEEEEEEEEEEEEEEEEEBOXUP
EEEEEEEEEEEEEEEEEEEEBRXUP
EEEEEEEEEEEEEEEEEEEEBRXUP
EEEEEEEEEEEEEEEEEEEEBRXVQ
EEEEEEEEEEEEEEEEEEEEBRXVQ
EEEEEEEEEEEEEEEEEEEEBRXVK
EEEEEEEEEEEEEEEEEEEEBRXVK
EEEEEEEEEEEEEEEEEEEEBRXVK
EEEEEEEEEEEEEEEEEEEEBRXVK
EEEEEEEEEEEEEEEEEEEEBRXVK
EEEEEEEEEEEEEEEEEEEEBRXVK
EEEEEEEEEEEEEEEEEEEEBRXVK
EEEEEEEEEEEEEEEEEEEEBRXVK
EEEEEEEEEEEEEEEEEEEEBRXVK
EEEEEEEEEEEEEEEEEEEEBRXVK
EEEEEEEEEEEEEEEEEEEEBRXVK
EEEEEEEEEEEEEEEEEEEEBRXVK
Case #20:
AA
BB
Case #21:
HHHHHCRYOPANNNNNNNNNNNNNN
HHHHHFXTEPANNNNNNNNNNNNNN
HHHHHZMSEPANNNNNNNNNNNNNN
HHHHHZMVEJANNNNNNNNNNNNNN
HHHHHZMQWJANNNNNNNNNNNNNN
HHHHHLGIWJANNNNNNNNNNNNNN
HHHHHLGDUJANNNNNNNNNNNNNN
HHHHHLKBUJANNNNNNNNNNNNNN
HHHHHLKBUJANNNNNNNNNNNNNN
HHHHHLKBUJANNNNNNNNNNNNNN
HHHHHLKBUJANNNNNNNNNNNNNN
HHHHHLKBUJANNNNNNNNNNNNNN
HHHHHLKBUJANNNNNNNNNNNNNN
HHHHHLKBUJANNNNNNNNNNNNNN
HHHHHLKBUJANNNNNNNNNNNNNN
HHHHHLKBUJANNNNNNNNNNNNNN
HHHHHLKBUJANNNNNNNNNNNNNN
HHHHHLKBUJANNNNNNNNNNNNNN
HHHHHLKBUJANNNNNNNNNNNNNN
HHHHHLKBUJANNNNNNNNNNNNNN
HHHHHLKBUJANNNNNNNNNNNNNN
HHHHHLKBUJANNNNNNNNNNNNNN
HHHHHLKBUJANNNNNNNNNNNNNN
HHHHHLKBUJANNNNNNNNNNNNNN
HHHHHLKBUJANNNNNNNNNNNNNN
Case #22:
GGIHD
GGIHD
GGIEB
GGIFB
GGCAB
Case #23:
GBZCKQFULNMTTVSSSSSSSSSSS
GBZCKQFULNMTTVSSSSSSSSSSS
GBZCKQFULNMTTVSSSSSSSSSSS
GBZCKQFULNMTTVSSSSSSSSSSS
GBZCKQFULNMTTVSSSSSSSSSSS
GBZCKQFULNMTTVSSSSSSSSSSS
GBZCKQFULNMTTVSSSSSSSSSSS
GBZCKQFULNMTTVSSSSSSSSSSS
GBZCKQFULNMTTVSSSSSSSSSSS
GBZCKQFULNMTTVSSSSSSSSSSS
GBZCKQFULNMTTVSSSSSSSSSSS
GBZCKQFULNMTTVSSSSSSSSSSS
GBZCKQFULNMTTVSSSSSSSSSSS
GBZCKQFULNMTTVSSSSSSSSSSS
GBZCKQFULNMTTVSSSSSSSSSSS
GBZCKQFULNMTTVSSSSSSSSSSS
GBZCKQFULNMTTVSSSSSSSSSSS
GBZCKQFULNMTTVSSSSSSSSSSS
GBZCKQFULNMTTVSSSSSSSSSSS
HBZCKQFULNMTTVSSSSSSSSSSS
HBZXEPFULNMTTVSSSSSSSSSSS
HBDXERJULNATTVSSSSSSSSSSS
HBDXERJUONATTVSSSSSSSSSSS
HBDXERJYONATTWSSSSSSSSSSS
HBDXERJIONATTWSSSSSSSSSSS
Case #24:
TTTTTTTTTTTTTTTUYFEVCPAAA
TTTTTTTTTTTTTTTUYFEVCPAAA
TTTTTTTTTTTTTTTUYFEVCPAAA
TTTTTTTTTTTTTTTUYFEVCPAAA
TTTTTTTTTTTTTTTUYFEVCPAAA
TTTTTTTTTTTTTTTUYFEVCPAAA
TTTTTTTTTTTTTTTUYFEVCPAAA
TTTTTTTTTTTTTTTUYFEVCPAAA
TTTTTTTTTTTTTTTUYFEVCPAAA
TTTTTTTTTTTTTTTUYFEVCPAAA
TTTTTTTTTTTTTTTUYFEVCPAAA
TTTTTTTTTTTTTTTUYFEVCPAAA
TTTTTTTTTTTTTTTUYFEVCPAAA
TTTTTTTTTTTTTTTUYFEVCPAAA
TTTTTTTTTTTTTTTUWFEVNPAAA
TTTTTTTTTTTTTTTUWDEZHPAAA
TTTTTTTTTTTTTTTUWDRZSMAAA
TTTTTTTTTTTTTTTUWKRZSMAAA
TTTTTTTTTTTTTTTULKRJBOAAA
TTTTTTTTTTTTTTTULKIJBOAAA
TTTTTTTTTTTTTTTULKXGBOAAA
TTTTTTTTTTTTTTTULKQGBOAAA
TTTTTTTTTTTTTTTULKQGBOAAA
TTTTTTTTTTTTTTTULKQGBOAAA
TTTTTTTTTTTTTTTULKQGBOAAA
Case #25:
ABCDEFGHIJKLMNOPQRSTUVWXY
ABCDEFGHIJKLMNOPQRSTUVWXY
ABCDEFGHIJKLMNOPQRSTUVWXY
ABCDEFGHIJKLMNOPQRSTUVWXY
ABCDEFGHIJKLMNOPQRSTUVWXY
ABCDEFGHIJKLMNOPQRSTUVWXY
ABCDEFGHIJKLMNOPQRSTUVWXY
ABCDEFGHIJKLMNOPQRSTUVWXY
ABCDEFGHIJKLMNOPQRSTUVWXY
ABCDEFGHIJKLMNOPQRSTUVWXY
ABCDEFGHIJKLMNOPQRSTUVWXY
ABCDEFGHIJKLMNOPQRSTUVWXY
ABCDEFGHIJKLMNOPQRSTUVWXY
ABCDEFGHIJKLMNOPQRSTUVWXY
ABCDEFGHIJKLMNOPQRSTUVWXY
ABCDEFGHIJKLMNOPQRSTUVWXY
ABCDEFGHIJKLMNOPQRSTUVWXY
ABCDEFGHIJKLMNOPQRSTUVWXY
ABCDEFGHIJKLMNOPQRSTUVWXY
ABCDEFGHIJKLMNOPQRSTUVWXY
ABCDEFGHIJKLMNOPQRSTUVWXY
ABCDEFGHIJKLMNOPQRSTUVWXY
ABCDEFGHIJKLMNOPQRSTUVWXY
ABCDEFGHIJKLMNOPQRSTUVWXY
ABCDEFGHIJKLMNOPQRSTUVWXY
Case #26:
IIIIEA
CCCCFD
CCCCHB
CCCCGB
CCCCGB
CCCCGB
Case #27:
HHHHHHHHHHHHHHHHRTOJLQENN
HHHHHHHHHHHHHHHHRTOJLQENN
HHHHHHHHHHHHHHHHRTOJLQENN
HHHHHHHHHHHHHHHHRTOJLQENN
HHHHHHHHHHHHHHHHRTOJLQENN
HHHHHHHHHHHHHHHHRTOULQENN
HHHHHHHHHHHHHHHHRTOILQENN
HHHHHHHHHHHHHHHHRTOMLQENN
HHHHHHHHHHHHHHHHRFOMLPENN
HHHHHHHHHHHHHHHHZAOMLPENN
HHHHHHHHHHHHHHHHZAOGVXENN
HHHHHHHHHHHHHHHHBAKYWXENN
HHHHHHHHHHHHHHHHBDKSWCENN
HHHHHHHHHHHHHHHHBDKSWCENN
HHHHHHHHHHHHHHHHBDKSWCENN
HHHHHHHHHHHHHHHHBDKSWCENN
HHHHHHHHHHHHHHHHBDKSWCENN
HHHHHHHHHHHHHHHHBDKSWCENN
HHHHHHHHHHHHHHHHBDKSWCENN
HHHHHHHHHHHHHHHHBDKSWCENN
HHHHHHHHHHHHHHHHBDKSWCENN
HHHHHHHHHHHHHHHHBDKSWCENN
HHHHHHHHHHHHHHHHBDKSWCENN
HHHHHHHHHHHHHHHHBDKSWCENN
HHHHHHHHHHHHHHHHBDKSWCENN
Case #28:
AAAEEEEBBBBBBBBBBBBBBFHIJ
AAAEEEEBBBBBBBBBBBBBBFHIJ
AAAEEEEBBBBBBBBBBBBBBFHIJ
AAAEEEEBBBBBBBBBBBBBBFHIJ
AAAEEEEBBBBBBBBBBBBBBFHIJ
AAAEEEEBBBBBBBBBBBBBBFHIJ
AAAEEEEBBBBBBBBBBBBBBFHIJ
CCCEEEEBBBBBBBBBBBBBBFHIJ
CCCEEEEDDDDDDDDDDDDDDFHIJ
CCCEEEEDDDDDDDDDDDDDDFHIJ
CCCEEEEDDDDDDDDDDDDDDFHIJ
CCCEEEEDDDDDDDDDDDDDDFHIJ
CCCEEEEDDDDDDDDDDDDDDFHIJ
CCCEEEEDDDDDDDDDDDDDDFHIJ
CCCEEEEDDDDDDDDDDDDDDFHIJ
CCCEEEEDDDDDDDDDDDDDDFHIJ
CCCEEEEDDDDDDDDDDDDDDFHIJ
CCCEEEEDDDDDDDDDDDDDDFHIJ
CCCEEEEDDDDDDDDDDDDDDFHIJ
CCCEEEEDDDDDDDDDDDDDDFHIJ
CCCEEEEDDDDDDDDDDDDDDGHIJ
CCCEEEEDDDDDDDDDDDDDDGHIJ
CCCEEEEDDDDDDDDDDDDDDGHIJ
CCCEEEEDDDDDDDDDDDDDDGHIJ
CCCEEEEDDDDDDDDDDDDDDGHIJ
Case #29:
AAAAAAAAAAAAAAAAAAAAEEEEB
AAAAAAAAAAAAAAAAAAAAEEEEB
CCCCCCCCCCCCCCCCCCCCEEEEB
CCCCCCCCCCCCCCCCCCCCEEEED
CCCCCCCCCCCCCCCCCCCCEEEED
CCCCCCCCCCCCCCCCCCCCEEEED
CCCCCCCCCCCCCCCCCCCCEEEED
CCCCCCCCCCCCCCCCCCCCEEEED
CCCCCCCCCCCCCCCCCCCCEEEED
CCCCCCCCCCCCCCCCCCCCEEEED
CCCCCCCCCCCCCCCCCCCCEEEED
CCCCCCCCCCCCCCCCCCCCEEEED
CCCCCCCCCCCCCCCCCCCCEEEED
CCCCCCCCCCCCCCCCCCCCEEEED
CCCCCCCCCCCCCCCCCCCCEEEED
CCCCCCCCCCCCCCCCCCCCEEEED
CCCCCCCCCCCCCCCCCCCCEEEED
CCCCCCCCCCCCCCCCCCCCEEEED
CCCCCCCCCCCCCCCCCCCCEEEED
CCCCCCCCCCCCCCCCCCCCEEEED
CCCCCCCCCCCCCCCCCCCCEEEED
CCCCCCCCCCCCCCCCCCCCEEEED
CCCCCCCCCCCCCCCCCCCCEEEED
CCCCCCCCCCCCCCCCCCCCEEEED
CCCCCCCCCCCCCCCCCCCCEEEED
Case #30:
GOAVCCKKKXRRMSYHHPIZZZFFQ
GOAVCCKKKXRRMSYHHPIZZZFFQ
GOAVCCKKKXRRMSYHHPIZZZFFQ
GOAVCCKKKXRRMSYHHPNZZZFFQ
GOAVCCKKKXRRMSYHHPNZZZFFQ
GOAVCCKKKXRRMSYHHPNZZZFFQ
GOAVCCKKKXRRMSYHHPNZZZFFQ
GOAVCCKKKXRRMSYHHPNZZZFFQ
GOAVCCKKKXRRMSYHHPNZZZFFQ
GOAVCCKKKXRRMSYHHPNZZZFFQ
GOAVCCKKKXRRMSYHHPNZZZFFQ
GOAVCCKKKXRRMSYHHPNZZZFFQ
GOAVCCKKKXRRMSYHHPNZZZFFQ
GOALCCKKKTRRMSYHHPNZZZFFB
GOALCCKKKTRRJSYHHPNZZZFFB
GOALCCKKKTRRJSYHHPNZZZFFB
GOALCCKKKTRRJSYHHPNZZZFFB
GOALCCKKKTRRJSYHHPNZZZFFB
GOALCCKKKTRRJSYHHPNZZZFFB
GOALCCKKKTRRJSYHHPNZZZFFB
GOALCCKKKTRRJSYHHPNZZZFFB
GOALCCKKKTRRJSYHHPNZZZFFB
GOALCCUUUTWWJSYHHPNZZZFFB
GOALCCUUUTWWJSYHHPEZZZFFB
GOALCCUUUTWWJSDHHPEZZZFFB
Case #31:
ABCDEFGHIJKLMNOPQRSTUVWXY
ABCDEFGHIJKLMNOPQRSTUVWXY
ABCDEFGHIJKLMNOPQRSTUVWXY
ABCDEFGHIJKLMNOPQRSTUVWXY
ABCDEFGHIJKLMNOPQRSTUVWXY
ABCDEFGHIJKLMNOPQRSTUVWXY
ABCDEFGHIJKLMNOPQRSTUVWXY
ABCDEFGHIJKLMNOPQRSTUVWXY
ABCDEFGHIJKLMNOPQRSTUVWXY
ABCDEFGHIJKLMNOPQRSTUVWXY
ABCDEFGHIJKLMNOPQRSTUVWXY
ABCDEFGHIJKLMNOPQRSTUVWXY
ABCDEFGHIJKLMNOPQRSTUVWXY
ABCDEFGHIJKLMNOPQRSTUVWXY
ABCDEFGHIJKLMNOPQRSTUVWXY
ABCDEFGHIJKLMNOPQRSTUVWXY
ABCDEFGHIJKLMNOPQRSTUVWXY
ABCDEFGHIJKLMNOPQRSTUVWXY
ABCDEFGHIJKLMNOPQRSTUVWXY
ABCDEFGHIJKLMNOPQRSTUVWXY
ABCDEFGHIJKLMNOPQRSTUVWXY
ABCDEFGHIJKLMNOPQRSTUVWXY
ABCDEFGHIJKLMNOPQRSTUVWXY
ABCDEFGHIJKLMNOPQRSTUVWXY
ABCDEFGHIJKLMNOPQRSTUVWXY
Case #32:
MUEENNWWXXXQJVRFFFTYOOZPL
MUEENNWWXXXQJVRFFFTYOOZPL
MUEENNWWXXXQJVRFFFTYOOZPL
MUEENNWWXXXQJVRFFFTYOOZPL
MUEENNWWXXXQJVRFFFTYOOZPL
MUEENNWWXXXQJVRFFFTYOOZPL
MUEENNWWXXXQJVRFFFTYOOZPL
MUEENNWWXXXQJVRFFFTYOOZPL
MUEENNWWXXXQJVRFFFTYOOZPL
MUEENNWWXXXQJVRFFFTYOOZPL
MUEENNCCXXXQJVRFFFTYOOZPL
MUEENNCCXXXHJVRFFFTYOOZPL
MUEENNCCXXXHJVRFFFTYOOZPL
MUEENNCCXXXHJVRFFFTYOOZPL
MUEENNCCXXXHJVRFFFDYOOZPL
MUEENNCCXXXHJVRFFFDYOOZPL
MUEENNCCXXXHJVRFFFDYOOZPL
MUEENNCCXXXHJVRFFFDKOOZPL
AUEENNCCXXXHJVRFFFDKOOZPL
AUEENNCCXXXHJVRFFFDKOOZPL
AUEENNCCXXXHJVRFFFDKSSZPL
AUEENNCCXXXHJVRFFFDKSSZPL
AUEENNCCXXXHJVRFFFGKSSZPL
AUEENNCCXXXHJVRFFFGKSSZPL
AUEENNCCBBBHJVIFFFGKSSZPL
Case #33:
B
A
Case #34:
DZ
DZ
GZ
EX
EI
JI
VW
VW
RO
PO
LB
NB
NU
NU
NM
AM
AM
AH
AH
CY
CQ
CS
KS
KT
KF
Case #35:
OOOOOOOOOOOOOOOOUEDJALVZC
OOOOOOOOOOOOOOOOUEDJALVZC
OOOOOOOOOOOOOOOOUEDJALVZC
OOOOOOOOOOOOOOOOUEDJALVZC
OOOOOOOOOOOOOOOOUEDJALVZC
OOOOOOOOOOOOOOOOUEDJALVZC
OOOOOOOOOOOOOOOOUEDJALVZC
OOOOOOOOOOOOOOOOUEDJALVZC
OOOOOOOOOOOOOOOOUEDJALVZC
OOOOOOOOOOOOOOOOUEDJALVZC
OOOOOOOOOOOOOOOOUEDJALVZC
OOOOOOOOOOOOOOOOUEDJALVZC
OOOOOOOOOOOOOOOOUEDJALVZC
OOOOOOOOOOOOOOOOUEDJALVZC
OOOOOOOOOOOOOOOOUEDJALVZC
OOOOOOOOOOOOOOOOUEDJALVZC
OOOOOOOOOOOOOOOOUEDJALVZC
OOOOOOOOOOOOOOOOUEDJALVZC
OOOOOOOOOOOOOOOOUEDJALVZC
OOOOOOOOOOOOOOOOUEDJALVZC
OOOOOOOOOOOOOOOOUEDJYLVZC
OOOOOOOOOOOOOOOOUEDNHQVZC
OOOOOOOOOOOOOOOOUMDWGXVZT
OOOOOOOOOOOOOOOOUMDFGXIZB
OOOOOOOOOOOOOOOOSMDPGRIZK
Case #36:
RFVLNSSYPKJIMMMWWWUABBBQG
RFVLNSSYPKJIMMMWWWUABBBQG
RFVLNSSYPKJIMMMOOOUABBBQG
RFVLNSSYPKJIMMMOOOUABBBQG
RFVLNSSYPKJIMMMOOOUABBBQG
RFVLNSSYPKJIMMMEEEUABBBQG
RFVLNSSYPKJIMMMEEEUABBBQG
RFVLNSSYPKJIMMMEEEUABBBQG
RFVLNSSYPKJIMMMEEEUABBBQG
RFVLNSSYPKJIMMMEEEUABBBQG
RFVLNSSYPKJIMMMEEEUABBBQG
RFVLNSSYPKJIMMMEEEUABBBQG
RFVLNSSYPKJIMMMEEEUABBBQG
RFVLNSSYPKJIMMMEEEUABBBQG
RFVLNSSYPXJIMMMEEEUABBBQZ
RFVLNSSYPXJIMMMEEEUABBBQZ
TFVLNSSYPXJIMMMEEEUABBBQZ
DFVLNSSYPXJIMMMEEEUABBBQZ
DFVLNSSYPXJIMMMEEEUAHHHQZ
DFVLNSSYPXJCMMMEEEUAHHHQZ
DFVLNSSYPXJCMMMEEEUAHHHQZ
DFVLNSSYPXJCMMMEEEUAHHHQZ
DFVLNSSYPXJCMMMEEEUAHHHQZ
DFVLNSSYPXJCMMMEEEUAHHHQZ
DFVLNSSYPXJCMMMEEEUAHHHQZ
Case #37:
A
A
Case #38:
ABB
ABB
ABB
ABB
ABB
Case #39:
AAAAAAAEEEEBBFHIJJJJJJJJJ
AAAAAAAEEEEBBFHIJJJJJJJJJ
AAAAAAAEEEEBBFHIJJJJJJJJJ
AAAAAAAEEEEBBFHIJJJJJJJJJ
AAAAAAAEEEEBBFHIJJJJJJJJJ
CCCCCCCEEEEBBFHIJJJJJJJJJ
CCCCCCCEEEEDDFHIJJJJJJJJJ
CCCCCCCEEEEDDFHIJJJJJJJJJ
CCCCCCCEEEEDDFHIJJJJJJJJJ
CCCCCCCEEEEDDFHIJJJJJJJJJ
CCCCCCCEEEEDDFHIJJJJJJJJJ
CCCCCCCEEEEDDFHIJJJJJJJJJ
CCCCCCCEEEEDDFHIJJJJJJJJJ
CCCCCCCEEEEDDFHIJJJJJJJJJ
CCCCCCCEEEEDDFHIJJJJJJJJJ
CCCCCCCEEEEDDFHIJJJJJJJJJ
CCCCCCCEEEEDDFHIJJJJJJJJJ
CCCCCCCEEEEDDFHIJJJJJJJJJ
CCCCCCCEEEEDDFHIJJJJJJJJJ
CCCCCCCEEEEDDFHIJJJJJJJJJ
CCCCCCCEEEEDDFHIJJJJJJJJJ
CCCCCCCEEEEDDFHIJJJJJJJJJ
CCCCCCCEEEEDDFHIJJJJJJJJJ
CCCCCCCEEEEDDGHIJJJJJJJJJ
CCCCCCCEEEEDDGHIJJJJJJJJJ
Case #40:
AAAAAAAAAAAAAAAAAAAAAAAAA
BBBBBBBBBBBBBBBBBBBBBBBBB
CCCCCCCCCCCCCCCCCCCCCCCCC
DDDDDDDDDDDDDDDDDDDDDDDDD
EEEEEEEEEEEEEEEEEEEEEEEEE
FFFFFFFFFFFFFFFFFFFFFFFFF
GGGGGGGGGGGGGGGGGGGGGGGGG
HHHHHHHHHHHHHHHHHHHHHHHHH
IIIIIIIIIIIIIIIIIIIIIIIII
JJJJJJJJJJJJJJJJJJJJJJJJJ
KKKKKKKKKKKKKKKKKKKKKKKKK
LLLLLLLLLLLLLLLLLLLLLLLLL
MMMMMMMMMMMMMMMMMMMMMMMMM
NNNNNNNNNNNNNNNNNNNNNNNNN
OOOOOOOOOOOOOOOOOOOOOOOOO
PPPPPPPPPPPPPPPPPPPPPPPPP
QQQQQQQQQQQQQQQQQQQQQQQQQ
RRRRRRRRRRRRRRRRRRRRRRRRR
SSSSSSSSSSSSSSSSSSSSSSSSS
TTTTTTTTTTTTTTTTTTTTTTTTT
UUUUUUUUUUUUUUUUUUUUUUUUU
VVVVVVVVVVVVVVVVVVVVVVVVV
WWWWWWWWWWWWWWWWWWWWWWWWW
XXXXXXXXXXXXXXXXXXXXXXXXX
YYYYYYYYYYYYYYYYYYYYYYYYY
Case #41:
ABCDEFGHIJKLMNOPQRSTUVWXY
ABCDEFGHIJKLMNOPQRSTUVWXY
ABCDEFGHIJKLMNOPQRSTUVWXY
ABCDEFGHIJKLMNOPQRSTUVWXY
ABCDEFGHIJKLMNOPQRSTUVWXY
ABCDEFGHIJKLMNOPQRSTUVWXY
ABCDEFGHIJKLMNOPQRSTUVWXY
ABCDEFGHIJKLMNOPQRSTUVWXY
ABCDEFGHIJKLMNOPQRSTUVWXY
ABCDEFGHIJKLMNOPQRSTUVWXY
ABCDEFGHIJKLMNOPQRSTUVWXY
ABCDEFGHIJKLMNOPQRSTUVWXY
ABCDEFGHIJKLMNOPQRSTUVWXY
ABCDEFGHIJKLMNOPQRSTUVWXY
ABCDEFGHIJKLMNOPQRSTUVWXY
ABCDEFGHIJKLMNOPQRSTUVWXY
ABCDEFGHIJKLMNOPQRSTUVWXY
ABCDEFGHIJKLMNOPQRSTUVWXY
ABCDEFGHIJKLMNOPQRSTUVWXY
ABCDEFGHIJKLMNOPQRSTUVWXY
ABCDEFGHIJKLMNOPQRSTUVWXY
ABCDEFGHIJKLMNOPQRSTUVWXY
ABCDEFGHIJKLMNOPQRSTUVWXY
ABCDEFGHIJKLMNOPQRSTUVWXY
ABCDEFGHIJKLMNOPQRSTUVWXY
Case #42:
AAE
AAC
FFB
FFD
Case #43:
AAAAAAAAAAAAAAAAAAAEEEEBB
AAAAAAAAAAAAAAAAAAAEEEEBB
AAAAAAAAAAAAAAAAAAAEEEEBB
AAAAAAAAAAAAAAAAAAAEEEEBB
AAAAAAAAAAAAAAAAAAAEEEEBB
AAAAAAAAAAAAAAAAAAAEEEEBB
AAAAAAAAAAAAAAAAAAAEEEEBB
AAAAAAAAAAAAAAAAAAAEEEEBB
AAAAAAAAAAAAAAAAAAAEEEEBB
AAAAAAAAAAAAAAAAAAAEEEEBB
AAAAAAAAAAAAAAAAAAAEEEEBB
AAAAAAAAAAAAAAAAAAAEEEEBB
AAAAAAAAAAAAAAAAAAAEEEEBB
AAAAAAAAAAAAAAAAAAAEEEEBB
AAAAAAAAAAAAAAAAAAAEEEEBB
AAAAAAAAAAAAAAAAAAAEEEEBB
AAAAAAAAAAAAAAAAAAAEEEEBB
AAAAAAAAAAAAAAAAAAAEEEEBB
AAAAAAAAAAAAAAAAAAAEEEEBB
AAAAAAAAAAAAAAAAAAAEEEEBB
CCCCCCCCCCCCCCCCCCCEEEEBB
CCCCCCCCCCCCCCCCCCCEEEEDD
CCCCCCCCCCCCCCCCCCCEEEEDD
CCCCCCCCCCCCCCCCCCCEEEEDD
CCCCCCCCCCCCCCCCCCCEEEEDD
Case #44:
AAAAACDEEEEEEEEEEEFJJJJGG
AAAAACDEEEEEEEEEEEFJJJJGG
AAAAACDEEEEEEEEEEEFJJJJGG
AAAAACDEEEEEEEEEEEFJJJJGG
AAAAACDEEEEEEEEEEEFJJJJGG
AAAAACDEEEEEEEEEEEFJJJJGG
BBBBBCDEEEEEEEEEEEFJJJJGG
BBBBBCDEEEEEEEEEEEFJJJJGG
BBBBBCDEEEEEEEEEEEFJJJJGG
BBBBBCDEEEEEEEEEEEFJJJJGG
BBBBBCDEEEEEEEEEEEFJJJJGG
BBBBBCDEEEEEEEEEEEFJJJJGG
BBBBBCDEEEEEEEEEEEFJJJJGG
BBBBBCDEEEEEEEEEEEHJJJJGG
BBBBBCDEEEEEEEEEEEHJJJJII
BBBBBCDEEEEEEEEEEEHJJJJII
BBBBBCDEEEEEEEEEEEHJJJJII
BBBBBCDEEEEEEEEEEEHJJJJII
BBBBBCDEEEEEEEEEEEHJJJJII
BBBBBCDEEEEEEEEEEEHJJJJII
BBBBBCDEEEEEEEEEEEHJJJJII
BBBBBCDEEEEEEEEEEEHJJJJII
BBBBBCDEEEEEEEEEEEHJJJJII
BBBBBCDEEEEEEEEEEEHJJJJII
BBBBBCDEEEEEEEEEEEHJJJJII
Case #45:
ABCDEFGHIJKLMNOPQRSTUVWXY
ABCDEFGHIJKLMNOPQRSTUVWXY
ABCDEFGHIJKLMNOPQRSTUVWXY
ABCDEFGHIJKLMNOPQRSTUVWXY
ABCDEFGHIJKLMNOPQRSTUVWXY
ABCDEFGHIJKLMNOPQRSTUVWXY
ABCDEFGHIJKLMNOPQRSTUVWXY
ABCDEFGHIJKLMNOPQRSTUVWXY
ABCDEFGHIJKLMNOPQRSTUVWXY
ABCDEFGHIJKLMNOPQRSTUVWXY
ABCDEFGHIJKLMNOPQRSTUVWXY
ABCDEFGHIJKLMNOPQRSTUVWXY
ABCDEFGHIJKLMNOPQRSTUVWXY
ABCDEFGHIJKLMNOPQRSTUVWXY
ABCDEFGHIJKLMNOPQRSTUVWXY
ABCDEFGHIJKLMNOPQRSTUVWXY
ABCDEFGHIJKLMNOPQRSTUVWXY
ABCDEFGHIJKLMNOPQRSTUVWXY
ABCDEFGHIJKLMNOPQRSTUVWXY
ABCDEFGHIJKLMNOPQRSTUVWXY
ABCDEFGHIJKLMNOPQRSTUVWXY
ABCDEFGHIJKLMNOPQRSTUVWXY
ABCDEFGHIJKLMNOPQRSTUVWXY
ABCDEFGHIJKLMNOPQRSTUVWXY
ABCDEFGHIJKLMNOPQRSTUVWXY
Case #46:
AAAAAACDEEEEEEEEEEEEEEEEE
AAAAAACDEEEEEEEEEEEEEEEEE
AAAAAACDEEEEEEEEEEEEEEEEE
AAAAAACDEEEEEEEEEEEEEEEEE
AAAAAACDEEEEEEEEEEEEEEEEE
AAAAAACDEEEEEEEEEEEEEEEEE
AAAAAACDEEEEEEEEEEEEEEEEE
AAAAAACDEEEEEEEEEEEEEEEEE
AAAAAACDEEEEEEEEEEEEEEEEE
AAAAAACDEEEEEEEEEEEEEEEEE
AAAAAACDEEEEEEEEEEEEEEEEE
AAAAAACDEEEEEEEEEEEEEEEEE
BBBBBBCDEEEEEEEEEEEEEEEEE
BBBBBBCDEEEEEEEEEEEEEEEEE
BBBBBBCDEEEEEEEEEEEEEEEEE
BBBBBBCDEEEEEEEEEEEEEEEEE
BBBBBBCDEEEEEEEEEEEEEEEEE
BBBBBBCDEEEEEEEEEEEEEEEEE
BBBBBBCDEEEEEEEEEEEEEEEEE
BBBBBBCDEEEEEEEEEEEEEEEEE
BBBBBBCDEEEEEEEEEEEEEEEEE
BBBBBBCDEEEEEEEEEEEEEEEEE
BBBBBBCDEEEEEEEEEEEEEEEEE
BBBBBBCDEEEEEEEEEEEEEEEEE
BBBBBBCDEEEEEEEEEEEEEEEEE
Case #47:
EEEBWAKKPITCCDXXXXMMZYYFF
EEEBWAKKPITCCDXXXXMMZYYFF
EEEBWAKKPITCCDXXXXMMZYYFF
EEEBWAKKPITCCDXXXXMMZYYFF
EEEBWAKKPITCCDXXXXMMZYYFF
EEEBWAKKPITCCDXXXXMMZYYFF
EEEBWRKKPITCCDXXXXMMZYYFF
EEEBWRKKPITCCDXXXXMMZYYFF
EEEBWRKKPITCCDXXXXMMZYYFF
EEEBWRKKPITCCDUUUUMMZYYFF
EEEBWRSSPITCCDUUUUMMZYYFF
EEEBWRSSPITCCDHHHHMMZYYFF
OOOBWRVVPITCCDHHHHMMZYYFF
OOOBWRVVPITCCDHHHHMMZYYFF
NNNBWRVVPITCCDHHHHMMZYYFF
NNNBWRVVPITCCJHHHHMMZYYFF
NNNBWRVVPITCCJHHHHMMZYYFF
NNNBGRVVPITCCJHHHHMMZLLFF
NNNBGRVVPITCCJHHHHMMZLLFF
NNNBGRVVPITCCJHHHHMMZLLFF
NNNBGRVVPITCCJHHHHMMZLLFF
NNNBGRVVPITCCJHHHHMMZLLFF
NNNBGRVVPITCCJHHHHMMZLLFF
NNNBGRVVPITCCJHHHHMMZLLFF
NNNBGRVVPITCCJHHHHMMZLLQQ
Case #48:
KKCCCIJJHHFFBMMGGALDDEEEE
Case #49:
AA
AA
Case #50:
CCCHGGOPAYWQXZZTTTBBBBBBB
CCCHGGOPAYWQXZZTTTBBBBBBB
CCCHGGOPAYWQXZZTTTBBBBBBB
CCCHGGOPAYWQXZZTTTBBBBBBB
CCCHGGOPAYWQXZZTTTBBBBBBB
CCCHGGOPAYWQXZZTTTBBBBBBB
CCCHGGOPAYWQXZZTTTBBBBBBB
CCCHGGOPAYWQXZZTTTBBBBBBB
CCCHGGOPAYWQXZZTTTBBBBBBB
CCCHGGOPAYWQXZZTTTBBBBBBB
CCCHGGOPAYWQXZZTTTBBBBBBB
CCCHGGOPAYWQXZZTTTBBBBBBB
CCCHGGOPAYWQXZZTTTBBBBBBB
CCCHGGOPAYWQXZZTTTBBBBBBB
CCCHGGOPAYWQXZZTTTBBBBBBB
CCCHGGOPAYWQXZZTTTBBBBBBB
CCCHGGOPAYWQXZZTTTBBBBBBB
CCCHGGOPAYWQXZZTTTBBBBBBB
CCCHGGOPAYWQXZZTTTBBBBBBB
CCCHGGOLAYMQXZZTTTBBBBBBB
CCCHGGOLAYKQXZZTTTBBBBBBB
CCCDGGOLAYKQXZZTTTBBBBBBB
CCCDGGOLAYNQJZZTTTBBBBBBB
CCCVGGSUAYNQFZZTTTBBBBBBB
IIIVGGSRAYNQFZZEEEBBBBBBB
Case #51:
ABCDEFGHIJKLMNOPQRSTUVWXY
ABCDEFGHIJKLMNOPQRSTUVWXY
ABCDEFGHIJKLMNOPQRSTUVWXY
ABCDEFGHIJKLMNOPQRSTUVWXY
ABCDEFGHIJKLMNOPQRSTUVWXY
ABCDEFGHIJKLMNOPQRSTUVWXY
ABCDEFGHIJKLMNOPQRSTUVWXY
ABCDEFGHIJKLMNOPQRSTUVWXY
ABCDEFGHIJKLMNOPQRSTUVWXY
ABCDEFGHIJKLMNOPQRSTUVWXY
ABCDEFGHIJKLMNOPQRSTUVWXY
ABCDEFGHIJKLMNOPQRSTUVWXY
ABCDEFGHIJKLMNOPQRSTUVWXY
ABCDEFGHIJKLMNOPQRSTUVWXY
ABCDEFGHIJKLMNOPQRSTUVWXY
ABCDEFGHIJKLMNOPQRSTUVWXY
ABCDEFGHIJKLMNOPQRSTUVWXY
ABCDEFGHIJKLMNOPQRSTUVWXY
ABCDEFGHIJKLMNOPQRSTUVWXY
ABCDEFGHIJKLMNOPQRSTUVWXY
ABCDEFGHIJKLMNOPQRSTUVWXY
ABCDEFGHIJKLMNOPQRSTUVWXY
ABCDEFGHIJKLMNOPQRSTUVWXY
ABCDEFGHIJKLMNOPQRSTUVWXY
ABCDEFGHIJKLMNOPQRSTUVWXY
Case #52:
QQQRCZZZPTLLKHOOXEWMNNJIY
QQQRCZZZPTLLKHOOXEWMNNJIY
QQQRCZZZPTLLKHOOXEWMNNJIY
QQQRCZZZPTLLKHOOXEWMNNJIY
QQQRCZZZPTLLKHOOXEWMNNJIY
QQQRCZZZPTLLKFOOXEWMNNJIY
QQQRCZZZPTLLKFOOXEWMNNJIY
QQQRCZZZPTLLKFOOXEWMNNJIY
QQQRCZZZPTLLKFOOXEWMNNJIY
QQQRCZZZPTLLKFOOXEWMNNJIY
QQQRCZZZPTLLKFOOXEWMNNJIY
QQQRCZZZPTLLKFOOGEWSNNJIY
QQQRCZZZPTLLKFOOGEWSNNJIY
QQQRCZZZPTLLKFOOGEWSNNJIY
QQQRCZZZPTLLKFOOGEWSNNJIY
QQQRCZZZPTDDKFOOGEWSNNJIY
QQQRCZZZPTDDKFOOGEWSNNJIY
QQQRCZZZPTDDKFOOGEWSNNJIY
QQQRCZZZPTDDKFOOGEWUNNJIY
QQQRCZZZPTDDKFOOGEWUNNJBY
QQQRCZZZPTDDKFOOGEWUNNJBY
QQQRCZZZPTVVKFOOGEWUNNJBY
QQQRCZZZPTVVKFOOGEWUNNJBY
QQQRCZZZPTVVKFOOGEWUNNJBY
QQQRAZZZPTVVKFOOGEWUNNJBY
Case #53:
A
Case #54:
AAAAAAAAAAAAAAEEEEBBBBBBB
AAAAAAAAAAAAAAEEEEBBBBBBB
AAAAAAAAAAAAAAEEEEBBBBBBB
AAAAAAAAAAAAAAEEEEBBBBBBB
AAAAAAAAAAAAAAEEEEBBBBBBB
AAAAAAAAAAAAAAEEEEBBBBBBB
AAAAAAAAAAAAAAEEEEBBBBBBB
AAAAAAAAAAAAAAEEEEBBBBBBB
AAAAAAAAAAAAAAEEEEBBBBBBB
AAAAAAAAAAAAAAEEEEBBBBBBB
AAAAAAAAAAAAAAEEEEBBBBBBB
AAAAAAAAAAAAAAEEEEBBBBBBB
AAAAAAAAAAAAAAEEEEBBBBBBB
AAAAAAAAAAAAAAEEEEBBBBBBB
AAAAAAAAAAAAAAEEEEBBBBBBB
AAAAAAAAAAAAAAEEEEBBBBBBB
CCCCCCCCCCCCCCEEEEBBBBBBB
CCCCCCCCCCCCCCEEEEDDDDDDD
CCCCCCCCCCCCCCEEEEDDDDDDD
CCCCCCCCCCCCCCEEEEDDDDDDD
CCCCCCCCCCCCCCEEEEDDDDDDD
CCCCCCCCCCCCCCEEEEDDDDDDD
CCCCCCCCCCCCCCEEEEDDDDDDD
CCCCCCCCCCCCCCEEEEDDDDDDD
CCCCCCCCCCCCCCEEEEDDDDDDD
Case #55:
JSCQKBPNEYULZMGWVTRXXDAAO
JSHQKBPNIYULZMGWVTRFFDAAO
Case #56:
YYYYYYYYYYYYYYYYYYYICMJLX
YYYYYYYYYYYYYYYYYYYICMJLX
YYYYYYYYYYYYYYYYYYYIVMJLG
YYYYYYYYYYYYYYYYYYYHVMTWG
YYYYYYYYYYYYYYYYYYYNRKDUG
YYYYYYYYYYYYYYYYYYYARBDUS
YYYYYYYYYYYYYYYYYYYAZODUS
YYYYYYYYYYYYYYYYYYYAZODPF
YYYYYYYYYYYYYYYYYYYAZODQF
YYYYYYYYYYYYYYYYYYYAZODEF
YYYYYYYYYYYYYYYYYYYAZODEF
YYYYYYYYYYYYYYYYYYYAZODEF
YYYYYYYYYYYYYYYYYYYAZODEF
YYYYYYYYYYYYYYYYYYYAZODEF
YYYYYYYYYYYYYYYYYYYAZODEF
YYYYYYYYYYYYYYYYYYYAZODEF
YYYYYYYYYYYYYYYYYYYAZODEF
YYYYYYYYYYYYYYYYYYYAZODEF
YYYYYYYYYYYYYYYYYYYAZODEF
YYYYYYYYYYYYYYYYYYYAZODEF
YYYYYYYYYYYYYYYYYYYAZODEF
YYYYYYYYYYYYYYYYYYYAZODEF
YYYYYYYYYYYYYYYYYYYAZODEF
YYYYYYYYYYYYYYYYYYYAZODEF
YYYYYYYYYYYYYYYYYYYAZODEF
Case #57:
DAFC
DEFC
BEFC
Case #58:
AAAAEEEEBBBBBBBBBBBBBFHIJ
AAAAEEEEBBBBBBBBBBBBBFHIJ
AAAAEEEEBBBBBBBBBBBBBFHIJ
AAAAEEEEBBBBBBBBBBBBBFHIJ
AAAAEEEEBBBBBBBBBBBBBFHIJ
AAAAEEEEBBBBBBBBBBBBBFHIJ
AAAAEEEEBBBBBBBBBBBBBFHIJ
CCCCEEEEBBBBBBBBBBBBBFHIJ
CCCCEEEEDDDDDDDDDDDDDFHIJ
CCCCEEEEDDDDDDDDDDDDDFHIJ
CCCCEEEEDDDDDDDDDDDDDFHIJ
CCCCEEEEDDDDDDDDDDDDDFHIJ
CCCCEEEEDDDDDDDDDDDDDFHIJ
CCCCEEEEDDDDDDDDDDDDDFHIJ
CCCCEEEEDDDDDDDDDDDDDFHIJ
CCCCEEEEDDDDDDDDDDDDDFHIJ
CCCCEEEEDDDDDDDDDDDDDFHIJ
CCCCEEEEDDDDDDDDDDDDDFHIJ
CCCCEEEEDDDDDDDDDDDDDFHIJ
CCCCEEEEDDDDDDDDDDDDDFHIJ
CCCCEEEEDDDDDDDDDDDDDFHIJ
CCCCEEEEDDDDDDDDDDDDDFHIJ
CCCCEEEEDDDDDDDDDDDDDGHIJ
CCCCEEEEDDDDDDDDDDDDDGHIJ
CCCCEEEEDDDDDDDDDDDDDGHIJ
Case #59:
IILLGJJFFYKPEHBTTZZQQWWSS
IILLGJJFFYKPEHBTTZZQQWWSS
IILLGJJFFYKPEHBTTZZQQWWSS
IILLGJJFFYUPEHBTTZZQQWWSS
IILLGJJFFYUPEHBTTZZQQWWSS
IILLGJJFFYUPEHBTTZZQQWWSS
IILLGJJFFYAPEHBTTZZQQWWSS
IILLXJJFFYAPEHBTTZZQQWWDD
IILLXJJFFYAPEHBTTZZQQNNDD
IILLXJJFFYAPEHBTTZZQQNNDD
IILLXJJFFYAPEHBTTZZQQNNDD
IILLXJJFFYAPEHBTTZZQQNNDD
IILLXJJFFYAPEHBTTZZQQNNDD
IILLXJJFFYAPEHBTTZZQQNNDD
IILLXJJFFYAPEHBTTZZQQNNDD
IILLXJJFFYAPEHBTTZZQQNNDD
IILLXJJFFYAPEHBTTZZQQOODD
IILLXJJFFYAPEHBTTZZQQOODD
IILLXJJFFYAPEHBTTZZQQOODD
IILLXJJFFYAPEHBTTZZQQOODD
IILLXJJVVYAPEHBMMZZQQOODD
IILLXJJRRCAPEHBMMZZQQOODD
IILLXJJRRCAPEHBMMZZQQOODD
IILLXJJRRCAPEHBMMZZQQOODD
IILLXJJRRCAPEHBMMZZQQOODD
Case #60:
VVVVVVVVVVVVVVVVGDQXROISA
VVVVVVVVVVVVVVVVGDQXROISA
VVVVVVVVVVVVVVVVGDQXROISA
VVVVVVVVVVVVVVVVGDQXROISA
VVVVVVVVVVVVVVVVGDQXROISA
VVVVVVVVVVVVVVVVGDQXROISA
VVVVVVVVVVVVVVVVGDQXROISA
VVVVVVVVVVVVVVVVGDQXROISA
VVVVVVVVVVVVVVVVGDQXROISA
VVVVVVVVVVVVVVVVGDQXRMBSA
VVVVVVVVVVVVVVVVGDQXKMBSA
VVVVVVVVVVVVVVVVGDQCKMUSA
VVVVVVVVVVVVVVVVGLZCKMYSA
VVVVVVVVVVVVVVVVGLZCKMYSA
VVVVVVVVVVVVVVVVGLZCKMYSA
VVVVVVVVVVVVVVVVGLZCPMYSA
VVVVVVVVVVVVVVVVGLZCNMYSA
VVVVVVVVVVVVVVVVGTZCFEYSA
VVVVVVVVVVVVVVVVGTHCFEJSA
VVVVVVVVVVVVVVVVGTHCWEJSA
VVVVVVVVVVVVVVVVGTHCWEJSA
VVVVVVVVVVVVVVVVGTHCWEJSA
VVVVVVVVVVVVVVVVGTHCWEJSA
VVVVVVVVVVVVVVVVGTHCWEJSA
VVVVVVVVVVVVVVVVGTHCWEJSA
Case #61:
LLLLLLLCXXEZSWWWIBNTARRRH
LLLLLLLCXXEZSWWWIBNTAPPPH
LLLLLLLCXXOKSWWWIBNTAPPPH
LLLLLLLCXXOKSWWWIBNTAPPPH
LLLLLLLCXXVKSWWWIBNTAPPPH
LLLLLLLCXXVYSWWWIBNTAPPPH
LLLLLLLCXXVYSJJJMBNQAPPPH
LLLLLLLCXXVYGUUUDBNQAPPPH
LLLLLLLCXXVYGUUUDBNQAPPPH
LLLLLLLCXXVYGUUUDBNQAPPPH
LLLLLLLCXXVYGUUUDBNQAPPPH
LLLLLLLCXXVYGUUUFBNQAPPPH
LLLLLLLCXXVYGUUUFBNQAPPPH
LLLLLLLCXXVYGUUUFBNQAPPPH
LLLLLLLCXXVYGUUUFBNQAPPPH
LLLLLLLCXXVYGUUUFBNQAPPPH
LLLLLLLCXXVYGUUUFBNQAPPPH
LLLLLLLCXXVYGUUUFBNQAPPPH
LLLLLLLCXXVYGUUUFBNQAPPPH
LLLLLLLCXXVYGUUUFBNQAPPPH
LLLLLLLCXXVYGUUUFBNQAPPPH
LLLLLLLCXXVYGUUUFBNQAPPPH
LLLLLLLCXXVYGUUUFBNQAPPPH
LLLLLLLCXXVYGUUUFBNQAPPPH
LLLLLLLCXXVYGUUUFBNQAPPPH
Case #62:
ANBOCPDQERFSGTHUIVJWKXLYM
ANBOCPDQERFSGTHUIVJWKXLYM
ZNBOCPDQERFSGTHUIVJWKXLYM
ZNBOCPDQERFSGTHUIVJWKXLYM
ZNBOCPDQERFSGTHUIVJWKXLYM
ZNBOCPDQERFSGTHUIVJWKXLYM
ZNBOCPDQERFSGTHUIVJWKXLYM
ZNBOCPDQERFSGTHUIVJWKXLYM
ZNBOCPDQERFSGTHUIVJWKXLYM
ZNBOCPDQERFSGTHUIVJWKXLYM
ZNBOCPDQERFSGTHUIVJWKXLYM
ZNBOCPDQERFSGTHUIVJWKXLYM
ZNBOCPDQERFSGTHUIVJWKXLYM
ZNBOCPDQERFSGTHUIVJWKXLYM
ZNBOCPDQERFSGTHUIVJWKXLYM
ZNBOCPDQERFSGTHUIVJWKXLYM
ZNBOCPDQERFSGTHUIVJWKXLYM
ZNBOCPDQERFSGTHUIVJWKXLYM
ZNBOCPDQERFSGTHUIVJWKXLYM
ZNBOCPDQERFSGTHUIVJWKXLYM
ZNBOCPDQERFSGTHUIVJWKXLYM
ZNBOCPDQERFSGTHUIVJWKXLYM
ZNBOCPDQERFSGTHUIVJWKXLYM
ZNBOCPDQERFSGTHUIVJWKXLYM
ZNBOCPDQERFSGTHUIVJWKXLYM
Case #63:
AA
Case #64:
AAAAAAAACDEEEEEEEFJJJJGGG
AAAAAAAACDEEEEEEEFJJJJGGG
AAAAAAAACDEEEEEEEFJJJJGGG
AAAAAAAACDEEEEEEEFJJJJGGG
AAAAAAAACDEEEEEEEFJJJJGGG
AAAAAAAACDEEEEEEEFJJJJGGG
AAAAAAAACDEEEEEEEFJJJJGGG
AAAAAAAACDEEEEEEEFJJJJGGG
BBBBBBBBCDEEEEEEEFJJJJGGG
BBBBBBBBCDEEEEEEEFJJJJGGG
BBBBBBBBCDEEEEEEEFJJJJGGG
BBBBBBBBCDEEEEEEEFJJJJGGG
BBBBBBBBCDEEEEEEEFJJJJGGG
BBBBBBBBCDEEEEEEEFJJJJGGG
BBBBBBBBCDEEEEEEEFJJJJGGG
BBBBBBBBCDEEEEEEEFJJJJGGG
BBBBBBBBCDEEEEEEEFJJJJGGG
BBBBBBBBCDEEEEEEEHJJJJGGG
BBBBBBBBCDEEEEEEEHJJJJIII
BBBBBBBBCDEEEEEEEHJJJJIII
BBBBBBBBCDEEEEEEEHJJJJIII
BBBBBBBBCDEEEEEEEHJJJJIII
BBBBBBBBCDEEEEEEEHJJJJIII
BBBBBBBBCDEEEEEEEHJJJJIII
BBBBBBBBCDEEEEEEEHJJJJIII
Case #65:
EXNKKPDLWHJJJJJJJJJJJJJJJ
EXNKKPDLWHJJJJJJJJJJJJJJJ
EXNKKPDLWHJJJJJJJJJJJJJJJ
EXNKKPDLWHJJJJJJJJJJJJJJJ
EXNKKPDLWHJJJJJJJJJJJJJJJ
EXNKKPDLWHJJJJJJJJJJJJJJJ
EXNKKPDLWHJJJJJJJJJJJJJJJ
EXNKKPDLWHJJJJJJJJJJJJJJJ
EXNKKPDLWHJJJJJJJJJJJJJJJ
EXNKKPDLWHJJJJJJJJJJJJJJJ
EXNKKPDLWHJJJJJJJJJJJJJJJ
EXNKKPDLWHJJJJJJJJJJJJJJJ
EXNKKPDLWHJJJJJJJJJJJJJJJ
EXNKKPBLWHJJJJJJJJJJJJJJJ
EXNKKPBLWHJJJJJJJJJJJJJJJ
EXRYYPBLWHJJJJJJJJJJJJJJJ
EXRYYPBLWHJJJJJJJJJJJJJJJ
EXRYYPBLWHJJJJJJJJJJJJJJJ
ECZYYPBTWHJJJJJJJJJJJJJJJ
GCZYYPBTWHJJJJJJJJJJJJJJJ
GCZQQPBTOHJJJJJJJJJJJJJJJ
FCZQQPSMOHJJJJJJJJJJJJJJJ
UCIAAPSMOHJJJJJJJJJJJJJJJ
UCIAAPSMOHJJJJJJJJJJJJJJJ
UCVAAPSMOHJJJJJJJJJJJJJJJ
Case #66:
AAAAAAAAAAACDEEEEEEEEEEEE
AAAAAAAAAAACDEEEEEEEEEEEE
AAAAAAAAAAACDEEEEEEEEEEEE
AAAAAAAAAAACDEEEEEEEEEEEE
AAAAAAAAAAACDEEEEEEEEEEEE
AAAAAAAAAAACDEEEEEEEEEEEE
AAAAAAAAAAACDEEEEEEEEEEEE
AAAAAAAAAAACDEEEEEEEEEEEE
AAAAAAAAAAACDEEEEEEEEEEEE
AAAAAAAAAAACDEEEEEEEEEEEE
AAAAAAAAAAACDEEEEEEEEEEEE
AAAAAAAAAAACDEEEEEEEEEEEE
AAAAAAAAAAACDEEEEEEEEEEEE
AAAAAAAAAAACDEEEEEEEEEEEE
AAAAAAAAAAACDEEEEEEEEEEEE
AAAAAAAAAAACDEEEEEEEEEEEE
AAAAAAAAAAACDEEEEEEEEEEEE
AAAAAAAAAAACDEEEEEEEEEEEE
AAAAAAAAAAACDEEEEEEEEEEEE
AAAAAAAAAAACDEEEEEEEEEEEE
AAAAAAAAAAACDEEEEEEEEEEEE
AAAAAAAAAAACDEEEEEEEEEEEE
AAAAAAAAAAACDEEEEEEEEEEEE
BBBBBBBBBBBCDEEEEEEEEEEEE
BBBBBBBBBBBCDEEEEEEEEEEEE
Case #67:
HLLNPPPWWMEIKKKKJJJJCTUDX
HLLNPPPWWMEIKKKKJJJJCTUDX
HLLNPPPWWMEIKKKKJJJJCTUDX
HLLNPPPWWMEIKKKKJJJJCTUDX
HRRNPPPWWMEIKKKKJJJJCTUDX
HRRNPPPWWMEIKKKKJJJJCTUDX
HRROPPPWWMEIKKKKJJJJCTUDX
HRROPPPWWMEIKKKKJJJJCTUDX
HRROPPPWWMEIKKKKJJJJCTUDX
HRROPPPWWMEIKKKKJJJJCTUDX
HRROPPPWWMEIKKKKJJJJCTUDX
HRROPPPAAMEIKKKKJJJJCTUDX
HRROPPPAAMEIKKKKJJJJCTUDX
HRROPPPAAMEIKKKKJJJJCTUDX
HRROPPPAAMEIKKKKJJJJCTUDX
HRROPPPAAMEIKKKKJJJJCTUDX
HRROPPPAAMEIKKKKJJJJCTUDX
HRROPPPVVMEIKKKKJJJJCTUDX
HRRQPPPVVMEIKKKKJJJJCTUDX
HRRZPPPVVMEIKKKKJJJJCTUDX
HRRZPPPVVMEIKKKKJJJJCTUDX
HRRZYYYVVMEIKKKKJJJJCFUDX
HRRZYYYSSMEIKKKKJJJJCFUDX
HRRZYYYSSGEIKKKKJJJJCFUDX
HRRZYYYSSGEIKKKKJJJJBFUDX
Case #68:
CCCCCPAFSHMZWJJJJJJJJJJJJ
CCCCCPAFSBMZWJJJJJJJJJJJJ
CCCCCPAFSYMZWJJJJJJJJJJJJ
CCCCCPAKSVMZWJJJJJJJJJJJJ
CCCCCQANDVMXLJJJJJJJJJJJJ
CCCCCQOEGITXLJJJJJJJJJJJJ
CCCCCQOERITXLJJJJJJJJJJJJ
CCCCCQOERUTXLJJJJJJJJJJJJ
CCCCCQOERUTXLJJJJJJJJJJJJ
CCCCCQOERUTXLJJJJJJJJJJJJ
CCCCCQOERUTXLJJJJJJJJJJJJ
CCCCCQOERUTXLJJJJJJJJJJJJ
CCCCCQOERUTXLJJJJJJJJJJJJ
CCCCCQOERUTXLJJJJJJJJJJJJ
CCCCCQOERUTXLJJJJJJJJJJJJ
CCCCCQOERUTXLJJJJJJJJJJJJ
CCCCCQOERUTXLJJJJJJJJJJJJ
CCCCCQOERUTXLJJJJJJJJJJJJ
CCCCCQOERUTXLJJJJJJJJJJJJ
CCCCCQOERUTXLJJJJJJJJJJJJ
CCCCCQOERUTXLJJJJJJJJJJJJ
CCCCCQOERUTXLJJJJJJJJJJJJ
CCCCCQOERUTXLJJJJJJJJJJJJ
CCCCCQOERUTXLJJJJJJJJJJJJ
CCCCCQOERUTXLJJJJJJJJJJJJ
Case #69:
AAAAAEEEEBBBBBBBBBBBBBBBB
AAAAAEEEEBBBBBBBBBBBBBBBB
AAAAAEEEEBBBBBBBBBBBBBBBB
AAAAAEEEEBBBBBBBBBBBBBBBB
AAAAAEEEEBBBBBBBBBBBBBBBB
AAAAAEEEEBBBBBBBBBBBBBBBB
AAAAAEEEEBBBBBBBBBBBBBBBB
AAAAAEEEEBBBBBBBBBBBBBBBB
CCCCCEEEEBBBBBBBBBBBBBBBB
CCCCCEEEEDDDDDDDDDDDDDDDD
CCCCCEEEEDDDDDDDDDDDDDDDD
CCCCCEEEEDDDDDDDDDDDDDDDD
CCCCCEEEEDDDDDDDDDDDDDDDD
CCCCCEEEEDDDDDDDDDDDDDDDD
CCCCCEEEEDDDDDDDDDDDDDDDD
CCCCCEEEEDDDDDDDDDDDDDDDD
CCCCCEEEEDDDDDDDDDDDDDDDD
CCCCCEEEEDDDDDDDDDDDDDDDD
CCCCCEEEEDDDDDDDDDDDDDDDD
CCCCCEEEEDDDDDDDDDDDDDDDD
CCCCCEEEEDDDDDDDDDDDDDDDD
CCCCCEEEEDDDDDDDDDDDDDDDD
CCCCCEEEEDDDDDDDDDDDDDDDD
CCCCCEEEEDDDDDDDDDDDDDDDD
CCCCCEEEEDDDDDDDDDDDDDDDD
Case #70:
AAAAAAAAAACDEEEEEEEEEEEEE
AAAAAAAAAACDEEEEEEEEEEEEE
AAAAAAAAAACDEEEEEEEEEEEEE
AAAAAAAAAACDEEEEEEEEEEEEE
AAAAAAAAAACDEEEEEEEEEEEEE
AAAAAAAAAACDEEEEEEEEEEEEE
AAAAAAAAAACDEEEEEEEEEEEEE
AAAAAAAAAACDEEEEEEEEEEEEE
AAAAAAAAAACDEEEEEEEEEEEEE
AAAAAAAAAACDEEEEEEEEEEEEE
AAAAAAAAAACDEEEEEEEEEEEEE
AAAAAAAAAACDEEEEEEEEEEEEE
AAAAAAAAAACDEEEEEEEEEEEEE
AAAAAAAAAACDEEEEEEEEEEEEE
BBBBBBBBBBCDEEEEEEEEEEEEE
BBBBBBBBBBCDEEEEEEEEEEEEE
BBBBBBBBBBCDEEEEEEEEEEEEE
BBBBBBBBBBCDEEEEEEEEEEEEE
BBBBBBBBBBCDEEEEEEEEEEEEE
BBBBBBBBBBCDEEEEEEEEEEEEE
BBBBBBBBBBCDEEEEEEEEEEEEE
BBBBBBBBBBCDEEEEEEEEEEEEE
BBBBBBBBBBCDEEEEEEEEEEEEE
BBBBBBBBBBCDEEEEEEEEEEEEE
BBBBBBBBBBCDEEEEEEEEEEEEE
Case #71:
FFDB
FFDB
EEDB
EEAC
Case #72:
ZJBPPPPPNNNUAXXSGHHICCEVW
ZJBPPPPPNNNUAXXSGHHICCEVW
ZJBPPPPPNNNUAXXSGHHICCEVW
ZJBPPPPPNNNUAXXSGHHICCEVW
ZJBPPPPPNNNUAXXSGHHICCEVW
ZJBPPPPPNNNUAXXSGHHICCEVW
ZJBPPPPPNNNUAXXSGHHICCEVW
ZJBPPPPPNNNUAXXSGHHICCEVW
ZJBPPPPPNNNUAXXSGHHICCEVW
ZJBOOOOONNNUAXXSGHHICCEVW
ZJBOOOOONNNUAXXSGHHICCEVW
ZJBOOOOONNNUAXXSGHHICCEYW
ZJBOOOOONNNUAXXSGHHICCEYW
ZJBOOOOONNNUAKKSGHHICCEYW
ZJBOOOOONNNUAKKSGHHICCEYW
ZJBOOOOONNNUAKKSGHHICCEYW
ZJBOOOOONNNUAKKSGHHICCEYW
ZJBOOOOONNNUAKKSGHHICCEYW
ZJBOOOOONNNUAKKSGHHICCEYW
ZFBOOOOONNNUAKKSGHHICCMYW
ZFBOOOOONNNUAKKSGHHIQQMYW
ZTBOOOOONNNUAKKSGRRIQQMYW
ZTBOOOOONNNUAKKSGRRIQQMYW
ZDBOOOOONNNUAKKSGRRIQQMYW
ZDBOOOOONNNUAKKSGRRIQQLYW
Case #73:
JBHD
JIED
JFCA
JFGA
JFGA
JFGA
Case #74:
DDDDBBBBKUWPPFQYYYYEAAART
DDDDBBBBKUWPPFQYYYYEAAART
DDDDBBBBKUWPPFQYYYYEAAART
DDDDBBBBKUWPPFQYYYYEAAART
DDDDBBBBKUWPPFQYYYYEAAART
DDDDBBBBKUWPPFQYYYYEAAART
DDDDBBBBKUWPPFQGGGGEAAART
DDDDBBBBKUWPPFQGGGGEAAART
DDDDBBBBKUWPPFQHHHHEAAART
DDDDBBBBKUWPPFQHHHHEAAART
JJJJBBBBLUWPPFQHHHHEAAART
JJJJBBBBLUIPPFQHHHHEAAART
JJJJBBBBLUIPPFQHHHHEAAART
JJJJBBBBLUIPPFQHHHHEAAART
JJJJMMMMLUIPPSQHHHHEAAART
JJJJMMMMLUIPPSQHHHHEAAART
JJJJMMMMLXIPPSQHHHHEAAART
JJJJMMMMLXIPPSQHHHHEAAART
JJJJMMMMLXINNSQHHHHEAAART
JJJJMMMMLXIVVSQHHHHEAAART
JJJJMMMMLXIVVSQHHHHEAAART
JJJJMMMMLXIVVOQHHHHEAAART
JJJJCCCCLXIVVOQHHHHEAAART
JJJJCCCCLXIVVOQHHHHEAAART
Case #75:
CD
BA
Case #76:
AAAAA
AAAAA
AAAAA
Case #77:
HHHXBLSWWTRIDDECAVVKKOJQQ
HHHXBLSWWTRIDDECAVVKKOJQQ
HHHXBLSWWTRIDDECAVVKKOJQQ
HHHXBLSWWTRIDDECAVVKKOJQQ
HHHXBLSWWTRIDDECAVVKKOJQQ
HHHXBLSWWTRIDDECAVVKKOJQQ
HHHUBLSWWTRIDDECAVVKKOJQQ
HHHUBLSWWTRIDDECAVVKKOJQQ
HHHUBLSWWTRIDDECAVVKKYJQQ
HHHUBLSWWTRIDDECAVVKKYJQQ
HHHUBLSWWTRIDDECAVVKKYJQQ
HHHUBLSWWTRIDDECAVVKKYJQQ
HHHUBLSWWTRIDDECAVVKKYJQQ
HHHUBLSWWNRIDDECAVVKKYJQQ
HHHUBLSWWNRIDDFCAVVKKYJQQ
HHHUBLSWWNRIDDFCAVVKKYJPP
HHHUBLSWWNRIDDFCAVVKKYJPP
HHHUBLSWWNRIDDFCAVVKKYJPP
HHHUBLSWWNRIDDFCAVVKKYJPP
HHHUBLSWWNRIDDFCAVVKKYJMM
HHHUBLSWWNRIDDFCAVVKKYJMM
HHHUBZSWWNRIDDFCAVVKKYJMM
HHHUBZSWWGRIDDFCAVVKKYJMM
HHHUBZSWWGRIDDFCAVVKKYJMM
HHHUBZSWWGRIDDFCAVVKKYJMM
Case #78:
ABCDEFGHIJKLMNOPQRSTUVWXY
ABCDEFGHIJKLMNOPQRSTUVWXY
ABCDEFGHIJKLMNOPQRSTUVWXY
ABCDEFGHIJKLMNOPQRSTUVWXY
ABCDEFGHIJKLMNOPQRSTUVWXY
ABCDEFGHIJKLMNOPQRSTUVWXY
ABCDEFGHIJKLMNOPQRSTUVWXY
ABCDEFGHIJKLMNOPQRSTUVWXY
ABCDEFGHIJKLMNOPQRSTUVWXY
ABCDEFGHIJKLMNOPQRSTUVWXY
ABCDEFGHIJKLMNOPQRSTUVWXY
ABCDEFGHIJKLMNOPQRSTUVWXY
ABCDEFGHIJKLMNOPQRSTUVWXY
ABCDEFGHIJKLMNOPQRSTUVWXY
ABCDEFGHIJKLMNOPQRSTUVWXY
ABCDEFGHIJKLMNOPQRSTUVWXY
ABCDEFGHIJKLMNOPQRSTUVWXY
ABCDEFGHIJKLMNOPQRSTUVWXY
ABCDEFGHIJKLMNOPQRSTUVWXY
ABCDEFGHIJKLMNOPQRSTUVWXY
ABCDEFGHIJKLMNOPQRSTUVWXY
ABCDEFGHIJKLMNOPQRSTUVWXY
ABCDEFGHIJKLMNOPQRSTUVWXY
ABCDEFGHIJKLMNOPQRSTUVWXY
ABCDEFGHIJKLMNOPQRSTUVWXY
Case #79:
XXXSGRBEEEPPPLYHHFJJNUCQV
XXXSGRBEEEPPPLYHHFJJNUCQV
XXXSGRBEEEPPPLYHHFJJNUCQV
XXXSGRBEEEPPPLYHHFJJNUCQI
XXXSGRBEEEPPPLYHHFJJNUCQI
XXXSGRBEEEPPPLYHHFJJNUCQI
XXXSGRBEEEKKKLYHHFJJNUCQI
XXXSGRBEEEKKKLYHHFJJNUCQI
XXXSGRBEEEKKKLYHHFJJNUCQI
XXXSGRBEEEZZZLYHHFJJNUCQI
XXXSGRBEEEZZZLYHHFJJNUCQI
XXXSGRBEEEZZZLYHHFJJNUCQI
XXXSGRBEEEZZZLYHHFJJNUCQI
XXXSGRBEEEZZZLYHHFJJNUCQI
XXXSGRBEEEZZZLYHHFJJNUCQI
XXXSGRBEEEZZZLYHHFJJNUCQI
XXXSGRBEEEOOOLYHHFJJNUCQI
XXXSGRBEEEOOOLYHHFJJNUCQI
XXXSGRBEEEOOOLYHHFJJNUCQI
XXXSGRBEEEOOOLYHHFJJNACQI
XXXSGRBEEEOOOLYHHFJJNACQI
XXXSGRBEEEOOOLYHHFJJNACQI
XXXSGRBEEEOOOLYHHFJJNAMTI
XXXSGRBEEEOOOLYHHFJJNAMTI
XXXSDRBEEEOOOLWHHFJJNAMTI
Case #80:
GGGHHWWWJLLLNBOOQQYCUSFM
GGGHHWWWJLLLNBOOQQYCUSFM
GGGHHWWWJLLLNBOOQQYCUSFM
GGGHHWWWJLLLNBOOQQYCUSFM
GGGHHWWWJLLLDBOOQQYCUSFM
GGGHHWWWJLLLDBOOQQYCUSFM
GGGHHWWWJLLLDBOOQQYCUSTM
GGGHHWWWJRRRDBOOQQYCUSTM
GGGHHWWWJRRRDBOOQQYCUSTM
GGGHHWWWJRRRABOOQQYCUSTM
XXXHHWWWJRRRABOOQQYCUSTM
XXXHHWWWJRRRABOOQQYCUSTM
XXXHHWWWJRRRABOOQQYCUSTM
XXXHHWWWJKKKEBOOQQYCUSTM
XXXHHWWWJKKKEBOOQQYCUSTM
XXXHHWWWJIIIEBOOQQYCUSTM
XXXHHWWWJIIIEBOOQQYCUSTM
XXXHHWWWJIIIEBOOQQYCUSTM
XXXHHWWWJIIIEBOOQQYCUSTM
XXXHHWWWJIIIEBOOQQYCUSTM
XXXHHWWWJIIIEBOOQQYCUSTM
XXXHHWWWJIIIEBOOQQYCUSTM
XXXHHWWWJIIIEBOOPPYCUSTM
XXXHHWWWJIIIEBOOPPYCUSTM
XXXHHWWWJIIIEBOOPPVCUSTM
Case #81:
AAAAAAAAACDEEEEEEEFJJJJGG
AAAAAAAAACDEEEEEEEFJJJJGG
AAAAAAAAACDEEEEEEEFJJJJGG
AAAAAAAAACDEEEEEEEFJJJJGG
AAAAAAAAACDEEEEEEEFJJJJGG
AAAAAAAAACDEEEEEEEFJJJJGG
BBBBBBBBBCDEEEEEEEFJJJJGG
BBBBBBBBBCDEEEEEEEFJJJJGG
BBBBBBBBBCDEEEEEEEFJJJJGG
BBBBBBBBBCDEEEEEEEFJJJJGG
BBBBBBBBBCDEEEEEEEFJJJJGG
BBBBBBBBBCDEEEEEEEFJJJJGG
BBBBBBBBBCDEEEEEEEFJJJJGG
BBBBBBBBBCDEEEEEEEFJJJJGG
BBBBBBBBBCDEEEEEEEFJJJJGG
BBBBBBBBBCDEEEEEEEFJJJJGG
BBBBBBBBBCDEEEEEEEFJJJJGG
BBBBBBBBBCDEEEEEEEFJJJJGG
BBBBBBBBBCDEEEEEEEFJJJJGG
BBBBBBBBBCDEEEEEEEFJJJJGG
BBBBBBBBBCDEEEEEEEFJJJJGG
BBBBBBBBBCDEEEEEEEHJJJJGG
BBBBBBBBBCDEEEEEEEHJJJJII
BBBBBBBBBCDEEEEEEEHJJJJII
BBBBBBBBBCDEEEEEEEHJJJJII
Case #82:
BA
Case #83:
GGGGGGGGGGGGGGQRVZFSTMOXX
GGGGGGGGGGGGGGQRVZFSTMOXX
GGGGGGGGGGGGGGQRVZFSTMOXX
GGGGGGGGGGGGGGQRVZFSTMOXX
GGGGGGGGGGGGGGQRVZFSTMOXX
GGGGGGGGGGGGGGQRVZFSTMOXX
GGGGGGGGGGGGGGQRVZFSTMOXX
GGGGGGGGGGGGGGQRVZFSTMOXX
GGGGGGGGGGGGGGQRVZFSTMOXX
GGGGGGGGGGGGGGQRVZFSTMOXX
GGGGGGGGGGGGGGQRVZFSTMOXX
GGGGGGGGGGGGGGQRVZFSTMOXX
GGGGGGGGGGGGGGQRVZFSTMOXX
GGGGGGGGGGGGGGQRVZFSTMOXX
GGGGGGGGGGGGGGQRVZFSTMHXX
GGGGGGGGGGGGGGQRVZFSTMHXX
GGGGGGGGGGGGGGQRVZFSTMHXX
GGGGGGGGGGGGGGQRVYFSTMHXX
GGGGGGGGGGGGGGQRVYFSTMHXX
GGGGGGGGGGGGGGQNPBASTMHXX
GGGGGGGGGGGGGGQNPBASTIUKK
GGGGGGGGGGGGGGQNPBASTIUKK
GGGGGGGGGGGGGGQNEBASTIJKK
GGGGGGGGGGGGGGDNEBLSTIJKK
GGGGGGGGGGGGGGWNCBLSTIJKK
Case #84:
DCQSEELHHHKZTOOPPGGGXXXUI
DCQSEELHHHKZTOOPPGGGXXXUI
DCQSEELHHHKZTOOPPGGGXXXUI
DCQSEELHHHKZTOOPPGGGXXXUI
DCQSEELHHHKZTOOPPGGGXXXUI
DCQSEELHHHKZTOOPPGGGXXXUI
DCQSEELHHHKZTOOPPGGGXXXUI
DCQSEELMMMKZTOOPPGGGXXXUI
NCQSRRLMMMKZTOOPPGGGXXXUI
NCQSRRLMMMKZTOOPPGGGXXXUI
NCQSRRLMMMKZTOOPPGGGXXXUI
NCQSAALMMMKZTOOPPGGGXXXUI
NCQSAALMMMKZTOOPPGGGXXXUI
NCQSAALMMMKZTOOPPGGGXXXUI
NCQSAALMMMKZTOOPPGGGXXXUI
NCQSAALMMMKZTOOPPGGGXXXUI
NCQSAALMMMKZTOOPPGGGXXXUI
NCQSAALMMMKZTOOPPGGGXXXUI
NCQSAALMMMKZTOOPPGGGXXXUI
NCQSAALMMMVZTOOPPGGGXXXUI
NCQSAALWWWVZTOOPPFFFXXXUI
NCQSAALWWWVZTOOPPFFFXXXUI
NJYSAALWWWVZTOOPPFFFXXXUI
NJYSAALBBBVZTOOPPFFFXXXUI
NJYSAALBBBVZTOOPPFFFXXXUI
Case #85:
AAAAAAAAAAAAAAAAAAAAAAAAA
BBBBBBBBBBBBBBBBBBBBBBBBB
CCCCCCCCCCCCCCCCCCCCCCCCC
DDDDDDDDDDDDDDDDDDDDDDDDD
EEEEEEEEEEEEEEEEEEEEEEEEE
FFFFFFFFFFFFFFFFFFFFFFFFF
GGGGGGGGGGGGGGGGGGGGGGGGG
HHHHHHHHHHHHHHHHHHHHHHHHH
IIIIIIIIIIIIIIIIIIIIIIIII
JJJJJJJJJJJJJJJJJJJJJJJJJ
KKKKKKKKKKKKKKKKKKKKKKKKK
LLLLLLLLLLLLLLLLLLLLLLLLL
MMMMMMMMMMMMMMMMMMMMMMMMM
NNNNNNNNNNNNNNNNNNNNNNNNN
OOOOOOOOOOOOOOOOOOOOOOOOO
PPPPPPPPPPPPPPPPPPPPPPPPP
QQQQQQQQQQQQQQQQQQQQQQQQQ
RRRRRRRRRRRRRRRRRRRRRRRRR
SSSSSSSSSSSSSSSSSSSSSSSSS
TTTTTTTTTTTTTTTTTTTTTTTTT
UUUUUUUUUUUUUUUUUUUUUUUUU
VVVVVVVVVVVVVVVVVVVVVVVVV
WWWWWWWWWWWWWWWWWWWWWWWWW
XXXXXXXXXXXXXXXXXXXXXXXXX
YYYYYYYYYYYYYYYYYYYYYYYYY
Case #86:
ABCDEFGHIJKLMNOPQRSTUVWXY
ABCDEFGHIJKLMNOPQRSTUVWXY
ABCDEFGHIJKLMNOPQRSTUVWXY
ABCDEFGHIJKLMNOPQRSTUVWXY
ABCDEFGHIJKLMNOPQRSTUVWXY
ABCDEFGHIJKLMNOPQRSTUVWXY
ABCDEFGHIJKLMNOPQRSTUVWXY
ABCDEFGHIJKLMNOPQRSTUVWXY
ABCDEFGHIJKLMNOPQRSTUVWXY
ABCDEFGHIJKLMNOPQRSTUVWXY
ABCDEFGHIJKLMNOPQRSTUVWXY
ABCDEFGHIJKLMNOPQRSTUVWXY
ABCDEFGHIJKLMNOPQRSTUVWXY
ABCDEFGHIJKLMNOPQRSTUVWXY
ABCDEFGHIJKLMNOPQRSTUVWXY
ABCDEFGHIJKLMNOPQRSTUVWXY
ABCDEFGHIJKLMNOPQRSTUVWXY
ABCDEFGHIJKLMNOPQRSTUVWXY
ABCDEFGHIJKLMNOPQRSTUVWXY
ABCDEFGHIJKLMNOPQRSTUVWXY
ABCDEFGHIJKLMNOPQRSTUVWXY
ABCDEFGHIJKLMNOPQRSTUVWXY
ABCDEFGHIJKLMNOPQRSTUVWXY
ABCDEFGHIJKLMNOPQRSTUVWXY
ABCDEFGHIJKLMNOPQRSTUVWXY
Case #87:
AAAAACDEEEEEEFJJJJGGGGGGG
AAAAACDEEEEEEFJJJJGGGGGGG
AAAAACDEEEEEEFJJJJGGGGGGG
AAAAACDEEEEEEFJJJJGGGGGGG
AAAAACDEEEEEEFJJJJGGGGGGG
AAAAACDEEEEEEFJJJJGGGGGGG
AAAAACDEEEEEEFJJJJGGGGGGG
AAAAACDEEEEEEFJJJJGGGGGGG
AAAAACDEEEEEEFJJJJGGGGGGG
AAAAACDEEEEEEFJJJJGGGGGGG
BBBBBCDEEEEEEFJJJJGGGGGGG
BBBBBCDEEEEEEFJJJJGGGGGGG
BBBBBCDEEEEEEFJJJJGGGGGGG
BBBBBCDEEEEEEFJJJJGGGGGGG
BBBBBCDEEEEEEFJJJJGGGGGGG
BBBBBCDEEEEEEFJJJJGGGGGGG
BBBBBCDEEEEEEFJJJJGGGGGGG
BBBBBCDEEEEEEFJJJJGGGGGGG
BBBBBCDEEEEEEFJJJJGGGGGGG
BBBBBCDEEEEEEFJJJJGGGGGGG
BBBBBCDEEEEEEHJJJJGGGGGGG
BBBBBCDEEEEEEHJJJJIIIIIII
BBBBBCDEEEEEEHJJJJIIIIIII
BBBBBCDEEEEEEHJJJJIIIIIII
BBBBBCDEEEEEEHJJJJIIIIIII
Case #88:
AEEEEBBBBBBBBBBBBBBBBFHIJ
CEEEEBBBBBBBBBBBBBBBBFHIJ
CEEEEDDDDDDDDDDDDDDDDFHIJ
CEEEEDDDDDDDDDDDDDDDDFHIJ
CEEEEDDDDDDDDDDDDDDDDFHIJ
CEEEEDDDDDDDDDDDDDDDDFHIJ
CEEEEDDDDDDDDDDDDDDDDFHIJ
CEEEEDDDDDDDDDDDDDDDDFHIJ
CEEEEDDDDDDDDDDDDDDDDFHIJ
CEEEEDDDDDDDDDDDDDDDDFHIJ
CEEEEDDDDDDDDDDDDDDDDFHIJ
CEEEEDDDDDDDDDDDDDDDDFHIJ
CEEEEDDDDDDDDDDDDDDDDFHIJ
CEEEEDDDDDDDDDDDDDDDDFHIJ
CEEEEDDDDDDDDDDDDDDDDFHIJ
CEEEEDDDDDDDDDDDDDDDDFHIJ
CEEEEDDDDDDDDDDDDDDDDFHIJ
CEEEEDDDDDDDDDDDDDDDDFHIJ
CEEEEDDDDDDDDDDDDDDDDFHIJ
CEEEEDDDDDDDDDDDDDDDDFHIJ
CEEEEDDDDDDDDDDDDDDDDFHIJ
CEEEEDDDDDDDDDDDDDDDDGHIJ
CEEEEDDDDDDDDDDDDDDDDGHIJ
CEEEEDDDDDDDDDDDDDDDDGHIJ
CEEEEDDDDDDDDDDDDDDDDGHIJ
Case #89:
UUUUUUUUUUUEPPHYCVXQFFMMM
UUUUUUUUUUUEPPHYCVXQFFMMM
UUUUUUUUUUUEPPHYCVXQFFMMM
UUUUUUUUUUUEPPLYCVXQFFMMM
UUUUUUUUUUUEPPLYCVXQFFMMM
UUUUUUUUUUUEPPLYCVXQFFMMM
UUUUUUUUUUUEPPZYRVNQFFMMM
UUUUUUUUUUUEPPZYRVNQFFMMM
UUUUUUUUUUUEPPZJAVNQFFMMM
UUUUUUUUUUUEBBZJAVNQDDMMM
UUUUUUUUUUUEBBZJAVNQTTMMM
UUUUUUUUUUUSBBZJAVNOTTMMM
UUUUUUUUUUUSBBKJAGNOTTMMM
UUUUUUUUUUUSBBKWAGNOTTMMM
UUUUUUUUUUUSBBKIAGNOTTMMM
UUUUUUUUUUUSBBKIAGNOTTMMM
UUUUUUUUUUUSBBKIAGNOTTMMM
UUUUUUUUUUUSBBKIAGNOTTMMM
UUUUUUUUUUUSBBKIAGNOTTMMM
UUUUUUUUUUUSBBKIAGNOTTMMM
UUUUUUUUUUUSBBKIAGNOTTMMM
UUUUUUUUUUUSBBKIAGNOTTMMM
UUUUUUUUUUUSBBKIAGNOTTMMM
UUUUUUUUUUUSBBKIAGNOTTMMM
UUUUUUUUUUUSBBKIAGNOTTMMM
Case #90:
AAAAAAAAAAAAAAAAAAAACDEEE
AAAAAAAAAAAAAAAAAAAACDEEE
AAAAAAAAAAAAAAAAAAAACDEEE
AAAAAAAAAAAAAAAAAAAACDEEE
AAAAAAAAAAAAAAAAAAAACDEEE
AAAAAAAAAAAAAAAAAAAACDEEE
AAAAAAAAAAAAAAAAAAAACDEEE
AAAAAAAAAAAAAAAAAAAACDEEE
AAAAAAAAAAAAAAAAAAAACDEEE
AAAAAAAAAAAAAAAAAAAACDEEE
AAAAAAAAAAAAAAAAAAAACDEEE
AAAAAAAAAAAAAAAAAAAACDEEE
BBBBBBBBBBBBBBBBBBBBCDEEE
BBBBBBBBBBBBBBBBBBBBCDEEE
BBBBBBBBBBBBBBBBBBBBCDEEE
BBBBBBBBBBBBBBBBBBBBCDEEE
BBBBBBBBBBBBBBBBBBBBCDEEE
BBBBBBBBBBBBBBBBBBBBCDEEE
BBBBBBBBBBBBBBBBBBBBCDEEE
BBBBBBBBBBBBBBBBBBBBCDEEE
BBBBBBBBBBBBBBBBBBBBCDEEE
BBBBBBBBBBBBBBBBBBBBCDEEE
BBBBBBBBBBBBBBBBBBBBCDEEE
BBBBBBBBBBBBBBBBBBBBCDEEE
BBBBBBBBBBBBBBBBBBBBCDEEE
Case #91:
AAACDEEEEEEEEEEEFJJJJGGGG
AAACDEEEEEEEEEEEFJJJJGGGG
AAACDEEEEEEEEEEEFJJJJGGGG
AAACDEEEEEEEEEEEFJJJJGGGG
AAACDEEEEEEEEEEEFJJJJGGGG
AAACDEEEEEEEEEEEFJJJJGGGG
AAACDEEEEEEEEEEEFJJJJGGGG
AAACDEEEEEEEEEEEFJJJJGGGG
AAACDEEEEEEEEEEEFJJJJGGGG
AAACDEEEEEEEEEEEFJJJJGGGG
AAACDEEEEEEEEEEEFJJJJGGGG
BBBCDEEEEEEEEEEEFJJJJGGGG
BBBCDEEEEEEEEEEEFJJJJGGGG
BBBCDEEEEEEEEEEEFJJJJGGGG
BBBCDEEEEEEEEEEEFJJJJGGGG
BBBCDEEEEEEEEEEEFJJJJGGGG
BBBCDEEEEEEEEEEEFJJJJGGGG
BBBCDEEEEEEEEEEEFJJJJGGGG
BBBCDEEEEEEEEEEEFJJJJGGGG
BBBCDEEEEEEEEEEEFJJJJGGGG
BBBCDEEEEEEEEEEEFJJJJGGGG
BBBCDEEEEEEEEEEEFJJJJGGGG
BBBCDEEEEEEEEEEEHJJJJGGGG
BBBCDEEEEEEEEEEEHJJJJIIII
BBBCDEEEEEEEEEEEHJJJJIIII
Case #92:
SSFABBKKYCWGPZUUMJIIIXOOT
SSFABBKKYCWGPZUUMJIIIXOOT
SSFABBKKYCWGPZUUMJIIIXOOT
SSFVBBKKYCWGPZUUMJIIIXOOT
SSFVBBKKYCWGPZUUMJIIIXOOT
SSFVBBKKYCWGPZUUMJIIIXOOT
SSFRBBKKYCWGPZUUMJIIIXOOT
SSFRBBKKYCWGPZUUMJIIIXOOT
SSFRBBKKYCWGPZUUMJIIIXOOT
SSFRBBKKYCWGPZUUMJIIIXOOT
SSFRBBKKYCWGPZUUMJIIIXOOT
SSFRBBKKYCWGPZUUMJIIIXOOT
SSFRBBKKYCWGPZUUMJIIIXOOT
SSFRBBKKYCWGPZUUMJIIIXOOT
SSFRBBKKYCWGPZUUMJIIIXOOT
SSFRBBKKYCWGPZUUMJIIIXOOT
SSFRBBKKYCWGLZUUMJIIIXOOT
SSFRBBKKYCWGLZUUMJIIIXOOT
SSFRBBKKYCWGLZUUMJIIIXOOT
SSFRBBKKYCWGLZUUMJNNNXOOT
SSFRBBKKYCWGLZUUMJHHHXOOT
SSFRBBKKYCDGLZUUMJHHHEOOT
SSFRBBKKYCDGLZUUMJHHHEOOT
SSFRBBKKYCDGLZQQMJHHHEOOT
SSFRBBKKYCDGLZQQMJHHHEOOT
Case #93:
AAAAAAAAAAAAAAAAAAAAAAAAA
BBBBBBBBBBBBBBBBBBBBBBBBB
CCCCCCCCCCCCCCCCCCCCCCCCC
DDDDDDDDDDDDDDDDDDDDDDDDD
EEEEEEEEEEEEEEEEEEEEEEEEE
FFFFFFFFFFFFFFFFFFFFFFFFF
GGGGGGGGGGGGGGGGGGGGGGGGG
HHHHHHHHHHHHHHHHHHHHHHHHH
IIIIIIIIIIIIIIIIIIIIIIIII
JJJJJJJJJJJJJJJJJJJJJJJJJ
KKKKKKKKKKKKKKKKKKKKKKKKK
LLLLLLLLLLLLLLLLLLLLLLLLL
MMMMMMMMMMMMMMMMMMMMMMMMM
NNNNNNNNNNNNNNNNNNNNNNNNN
OOOOOOOOOOOOOOOOOOOOOOOOO
PPPPPPPPPPPPPPPPPPPPPPPPP
QQQQQQQQQQQQQQQQQQQQQQQQQ
RRRRRRRRRRRRRRRRRRRRRRRRR
SSSSSSSSSSSSSSSSSSSSSSSSS
TTTTTTTTTTTTTTTTTTTTTTTTT
UUUUUUUUUUUUUUUUUUUUUUUUU
VVVVVVVVVVVVVVVVVVVVVVVVV
WWWWWWWWWWWWWWWWWWWWWWWWW
XXXXXXXXXXXXXXXXXXXXXXXXX
YYYYYYYYYYYYYYYYYYYYYYYYY
Case #94:
AAAAAEEEEBBBBBBBFHIJJJJJJ
AAAAAEEEEBBBBBBBFHIJJJJJJ
AAAAAEEEEBBBBBBBFHIJJJJJJ
AAAAAEEEEBBBBBBBFHIJJJJJJ
CCCCCEEEEBBBBBBBFHIJJJJJJ
CCCCCEEEEDDDDDDDFHIJJJJJJ
CCCCCEEEEDDDDDDDFHIJJJJJJ
CCCCCEEEEDDDDDDDFHIJJJJJJ
CCCCCEEEEDDDDDDDFHIJJJJJJ
CCCCCEEEEDDDDDDDFHIJJJJJJ
CCCCCEEEEDDDDDDDFHIJJJJJJ
CCCCCEEEEDDDDDDDFHIJJJJJJ
CCCCCEEEEDDDDDDDFHIJJJJJJ
CCCCCEEEEDDDDDDDFHIJJJJJJ
CCCCCEEEEDDDDDDDFHIJJJJJJ
CCCCCEEEEDDDDDDDFHIJJJJJJ
CCCCCEEEEDDDDDDDFHIJJJJJJ
CCCCCEEEEDDDDDDDFHIJJJJJJ
CCCCCEEEEDDDDDDDFHIJJJJJJ
CCCCCEEEEDDDDDDDFHIJJJJJJ
CCCCCEEEEDDDDDDDFHIJJJJJJ
CCCCCEEEEDDDDDDDGHIJJJJJJ
CCCCCEEEEDDDDDDDGHIJJJJJJ
CCCCCEEEEDDDDDDDGHIJJJJJJ
CCCCCEEEEDDDDDDDGHIJJJJJJ
Case #95:
EBD
EBF
ABC
Case #96:
EEJJSNNNVVVZZZZUUBTTOWXYP
EEJJSNNNVVVZZZZUUBTTOWXYP
EEJJSNNNVVVZZZZUUBTTOWXYP
EEJJSNNNVVVZZZZUUBTTOWXYP
EEJJSNNNVVVZZZZUUBTTOWXYP
EEJJSNNNVVVZZZZUUBTTOWXYP
EEJJSNNNVVVZZZZUURTTOWXYP
EEJJSNNNVVVZZZZUUQTTOWXYP
EEJJSNNNVVVZZZZUUQTTOWXYP
EEJJSNNNVVVZZZZUUQTTOWXYP
EEJJSNNNVVVZZZZUUQTTOWXYP
EEJJSNNNVVVZZZZUUQTTOWXYC
EEJJSNNNVVVZZZZAAQLLOWXYC
EEJJSGGGVVVZZZZAAQLLOWXYC
EEJJSGGGVVVZZZZAAQLLOWXYC
EEJJSGGGVVVZZZZAAQLLOWXYC
EEJJSGGGVVVZZZZAAQLLOWXYC
EEJJSGGGVVVZZZZAAQLLOWXYC
EEJJSGGGVVVZZZZAAQLLOWXYC
EEKKSGGGVVVZZZZAAQLLOMXYC
EEKKSGGGVVVZZZZAAQLLOMXYC
EEKKSGGGVVVZZZZAAQIIOMXYC
EEKKSGGGVVVZZZZAAQIIHMXYC
EEKKSGGGVVVZZZZFFQIIHMXYC
EEKKSGGGVVVZZZZFFQIIHDXYC
Case #97:
AAAAAAAAAAAAAAACDEEEEEEEE
AAAAAAAAAAAAAAACDEEEEEEEE
AAAAAAAAAAAAAAACDEEEEEEEE
AAAAAAAAAAAAAAACDEEEEEEEE
AAAAAAAAAAAAAAACDEEEEEEEE
AAAAAAAAAAAAAAACDEEEEEEEE
AAAAAAAAAAAAAAACDEEEEEEEE
AAAAAAAAAAAAAAACDEEEEEEEE
AAAAAAAAAAAAAAACDEEEEEEEE
AAAAAAAAAAAAAAACDEEEEEEEE
AAAAAAAAAAAAAAACDEEEEEEEE
AAAAAAAAAAAAAAACDEEEEEEEE
AAAAAAAAAAAAAAACDEEEEEEEE
AAAAAAAAAAAAAAACDEEEEEEEE
AAAAAAAAAAAAAAACDEEEEEEEE
AAAAAAAAAAAAAAACDEEEEEEEE
AAAAAAAAAAAAAAACDEEEEEEEE
AAAAAAAAAAAAAAACDEEEEEEEE
AAAAAAAAAAAAAAACDEEEEEEEE
AAAAAAAAAAAAAAACDEEEEEEEE
AAAAAAAAAAAAAAACDEEEEEEEE
AAAAAAAAAAAAAAACDEEEEEEEE
AAAAAAAAAAAAAAACDEEEEEEEE
AAAAAAAAAAAAAAACDEEEEEEEE
BBBBBBBBBBBBBBBCDEEEEEEEE
Case #98:
DSLCEAJYMMBWWZPUVVIIIIIII
DSLCEAJYMMBWWZPUVVIIIIIII
DSLCEAJYMMBWWZPUVVIIIIIII
DSLCEAJYMMBWWZPUVVIIIIIII
DSLCEAJYMMBWWZPUVVIIIIIII
DSLCEAJYMMBWWZPUVVIIIIIII
DSLCEAJYMMBWWZPUVVIIIIIII
DSLCEAJYMMBWWZPUVVIIIIIII
DSLCEAJYMMBWWZPUVVIIIIIII
DSFCEAJYMMBWWZPUVVIIIIIII
DOFCEAJYMMBWWZPUVVIIIIIII
DOFCEAJYMMBWWZPUVVIIIIIII
DOFCEAJYMMBWWZPUVVIIIIIII
DOFCEAJYMMBWWZPUVVIIIIIII
DRFCEAJYMMTWWZPUVVIIIIIII
DRFCEAJYMMTWWZPUVVIIIIIII
DRFCEAJYMMTWWZPUVVIIIIIII
DRFCEAJYMMTWWZPUVVXXXXXXX
DRGCEAJYMMTWWZPUVVXXXXXXX
DRGCEAJYMMTWWZPUVVXXXXXXX
DRGCEAJYMMTWWZPUVVXXXXXXX
DRGCEAJYMMTWWZPUHHXXXXXXX
DRGCQAJYMMNWWZPUHHXXXXXXX
DRGCQAJYMMNWWZKUHHXXXXXXX
DRGCQAJYMMNWWZKUHHXXXXXXX
Case #99:
AAAAAAAAAAAAAAAAAAAAAAAAA
BBBBBBBBBBBBBBBBBBBBBBBBB
CCCCCCCCCCCCCCCCCCCCCCCCC
DDDDDDDDDDDDDDDDDDDDDDDDD
EEEEEEEEEEEEEEEEEEEEEEEEE
FFFFFFFFFFFFFFFFFFFFFFFFF
GGGGGGGGGGGGGGGGGGGGGGGGG
HHHHHHHHHHHHHHHHHHHHHHHHH
IIIIIIIIIIIIIIIIIIIIIIIII
JJJJJJJJJJJJJJJJJJJJJJJJJ
KKKKKKKKKKKKKKKKKKKKKKKKK
LLLLLLLLLLLLLLLLLLLLLLLLL
MMMMMMMMMMMMMMMMMMMMMMMMM
NNNNNNNNNNNNNNNNNNNNNNNNN
OOOOOOOOOOOOOOOOOOOOOOOOO
PPPPPPPPPPPPPPPPPPPPPPPPP
QQQQQQQQQQQQQQQQQQQQQQQQQ
RRRRRRRRRRRRRRRRRRRRRRRRR
SSSSSSSSSSSSSSSSSSSSSSSSS
TTTTTTTTTTTTTTTTTTTTTTTTT
UUUUUUUUUUUUUUUUUUUUUUUUU
VVVVVVVVVVVVVVVVVVVVVVVVV
WWWWWWWWWWWWWWWWWWWWWWWWW
XXXXXXXXXXXXXXXXXXXXXXXXX
YYYYYYYYYYYYYYYYYYYYYYYYY
Case #100:
BBBBBBBBZIIIDDDGTWVCSKQQJ
BBBBBBBBZIIIDDDGTWVCSKQQJ
BBBBBBBBYIIIDDDGTWVCSKQQJ
BBBBBBBBXRRRMMMLTWVCSKQQJ
BBBBBBBBXRRREEELTWVCSUQQJ
BBBBBBBBXRRRFFFLTWVPSUQQJ
BBBBBBBBXRRRFFFLTWVPSNQQJ
BBBBBBBBXRRRAAAOHWVPSNQQJ
BBBBBBBBXRRRAAAOHWVPSNQQJ
BBBBBBBBXRRRAAAOHWVPSNQQJ
BBBBBBBBXRRRAAAOHWVPSNQQJ
BBBBBBBBXRRRAAAOHWVPSNQQJ
BBBBBBBBXRRRAAAOHWVPSNQQJ
BBBBBBBBXRRRAAAOHWVPSNQQJ
BBBBBBBBXRRRAAAOHWVPSNQQJ
BBBBBBBBXRRRAAAOHWVPSNQQJ
BBBBBBBBXRRRAAAOHWVPSNQQJ
BBBBBBBBXRRRAAAOHWVPSNQQJ
BBBBBBBBXRRRAAAOHWVPSNQQJ
BBBBBBBBXRRRAAAOHWVPSNQQJ
BBBBBBBBXRRRAAAOHWVPSNQQJ
BBBBBBBBXRRRAAAOHWVPSNQQJ
BBBBBBBBXRRRAAAOHWVPSNQQJ
BBBBBBBBXRRRAAAOHWVPSNQQJ
BBBBBBBBXRRRAAAOHWVPSNQQJ
