Case #1:
GCJ
GCJ
GCJ
Case #2:
CODE
CODE
CJAM
Case #3:
CA
KE
Case #4:
ABC
ABC
Case #5:
ADBECF
ADBECF
Case #6:
A
Case #7:
DEBB
DEBB
AECC
Case #8:
ABCD
ABCD
ABCD
Case #9:
IDGF
IJAH
ICBE
Case #10:
ABCD
ABCD
ABCD
Case #11:
ACF
BED
BED
BED
Case #12:
AAAA
BBBB
CCCC
Case #13:
IHA
JFA
GBC
EDC
Case #14:
CA
DB
Case #15:
FEA
BCA
BCA
BDA
Case #16:
EGCJ
ADIB
AKFH
Case #17:
EABC
EABC
EDBC
Case #18:
BAA
BAA
Case #19:
BCJ
ADF
EGK
EIH
Case #20:
FDEB
GCAB
GCAB
Case #21:
AAA
AAA
Case #22:
BD
BD
CD
AD
AD
ED
Case #23:
DDAC
BBAC
EEAC
Case #24:
FKAB
HIJB
GCDE
Case #25:
IEBD
GACF
GHCF
Case #26:
DFAG
BEHG
BCHG
Case #27:
FAD
FAD
FAC
BAE
Case #28:
DABC
DABC
DABE
Case #29:
IAB
HCD
FEK
GJK
Case #30:
AB
AB
CB
CD
ED
EF
Case #31:
AAAB
AAAB
Case #32:
EDB
EDB
EDA
FDC
Case #33:
ACBD
ACBD
ECFD
Case #34:
ECA
DBF
Case #35:
BA
BA
BA
BA
Case #36:
BEA
BEA
BEC
BFD
Case #37:
A
B
Case #38:
BA
CA
Case #39:
AABBCCDDEEFF
Case #40:
BDE
FDE
FCE
FCA
Case #41:
CCAE
CCBE
DDBE
Case #42:
IDG
JAG
FBH
CEH
Case #43:
FIL
CAK
BJG
EDH
Case #44:
AAAA
BBBB
CCCC
Case #45:
DAB
DAB
DEB
CEF
Case #46:
DBF
DBF
DAF
DCE
Case #47:
BDDD
ECCC
ACCC
Case #48:
BAC
Case #49:
ACE
ACE
ACF
DCB
Case #50:
BECD
BECD
AECD
Case #51:
EEEC
BBBD
AAAD
Case #52:
AADE
AABE
AABC
Case #53:
ADB
EDC
Case #54:
KCEG
ABDJ
AHFI
Case #55:
BDCE
BDCE
BDAE
Case #56:
AAA
Case #57:
CIH
BGF
JAE
DAE
Case #58:
AA
Case #59:
ABC
DBC
DBE
Case #60:
EBF
EBF
ABC
ADC
Case #61:
EBA
EBA
DBA
CFA
Case #62:
BAA
Case #63:
BHD
EJK
FGC
AIC
Case #64:
CCJJ
CCJJ
CCJJ
Case #65:
ACDE
ACDE
BCDF
Case #66:
ACG
FEB
IHB
DHB
Case #67:
BFD
BFD
EAD
ECD
Case #68:
FCG
HEA
DIB
DIB
Case #69:
ABCC
ABCC
ABCC
Case #70:
FHGB
CJDA
EIKA
Case #71:
FAB
CAB
CDB
EDB
Case #72:
BA
Case #73:
AEBB
ACBB
ADBB
Case #74:
DCEA
DCEA
DCBA
Case #75:
AA
AA
Case #76:
HBD
EFJ
AIG
ACG
Case #77:
EEBA
EEDA
EECA
Case #78:
AEB
CEB
CED
CEF
Case #79:
ACB
ACB
DCE
DFE
Case #80:
CBAE
CBAE
DBAE
Case #81:
ADE
BDE
CDE
Case #82:
IBCJ
AEGJ
DHFJ
Case #83:
AEBC
GFIH
GFDH
Case #84:
EFB
EFC
EFD
EAG
Case #85:
AEFF
ABFF
CDFF
Case #86:
AEB
AEC
AFC
ADC
Case #87:
BDE
FCA
FCA
FCA
Case #88:
ABCD
ABCD
ABCD
Case #89:
AAAA
BBBB
CCCC
Case #90:
CCCA
BBBA
EEED
Case #91:
ECA
ECA
EBA
EDA
Case #92:
EGAI
CFAI
HBDI
Case #93:
ACB
DCB
Case #94:
AA
BB
Case #95:
A
A
B
B
C
C
D
D
E
E
F
F
Case #96:
AFC
AFC
BFC
DEC
Case #97:
DBBC
EBBC
ABBC
Case #98:
IHBA
DGCE
DGFE
Case #99:
A
A
Case #100:
DFC
AEB
AGB
AGB
