Case #1: 1 1
Case #2: 2 0
Case #3: 2 0
Case #4: 236 103
Case #5: 178 0
Case #6: 172 1
Case #7: 500 0
Case #8: 222 107
Case #9: 500 1
Case #10: 188 103
Case #11: 500 0
Case #12: 177 1
Case #13: 175 0
Case #14: 244 107
Case #15: 213 0
Case #16: 221 0
Case #17: 247 101
Case #18: 500 0
Case #19: 183 1
Case #20: 245 105
Case #21: 213 107
Case #22: 197 1
Case #23: 500 0
Case #24: 224 1
Case #25: 247 104
Case #26: 190 104
Case #27: 235 0
Case #28: 218 100
Case #29: 223 100
Case #30: 2 0
Case #31: 247 105
Case #32: 191 0
Case #33: 235 100
Case #34: 194 106
Case #35: 499 0
Case #36: 242 102
Case #37: 500 0
Case #38: 500 0
Case #39: 1 1
Case #40: 500 0
Case #41: 214 0
Case #42: 507 493
Case #43: 3 0
Case #44: 244 101
Case #45: 167 1
Case #46: 247 103
Case #47: 176 1
Case #48: 500 0
Case #49: 216 1
Case #50: 505 0
Case #51: 179 108
Case #52: 1 0
Case #53: 200 101
Case #54: 239 0
Case #55: 184 108
Case #56: 246 105
Case #57: 516 484
Case #58: 181 0
Case #59: 244 1
Case #60: 185 1
Case #61: 500 0
Case #62: 185 101
Case #63: 207 105
Case #64: 500 0
Case #65: 500 0
Case #66: 198 0
Case #67: 166 0
Case #68: 195 1
Case #69: 183 108
Case #70: 241 108
Case #71: 191 110
Case #72: 205 1
Case #73: 247 108
Case #74: 500 0
Case #75: 500 0
Case #76: 192 0
Case #77: 166 103
Case #78: 1000 0
Case #79: 166 105
Case #80: 211 1
Case #81: 237 105
Case #82: 184 101
Case #83: 186 1
Case #84: 199 0
Case #85: 195 103
Case #86: 167 108
Case #87: 235 0
Case #88: 210 0
Case #89: 499 0
Case #90: 228 109
Case #91: 187 0
Case #92: 205 106
Case #93: 201 1
Case #94: 238 0
Case #95: 187 101
Case #96: 185 0
Case #97: 188 104
Case #98: 206 106
Case #99: 235 108
Case #100: 231 0
