Case #1: 1 1
Case #2: 2 0
Case #3: 2 0
Case #4: 229 0
Case #5: 245 0
Case #6: 170 106
Case #7: 179 0
Case #8: 196 100
Case #9: 233 100
Case #10: 191 102
Case #11: 248 1
Case #12: 196 1
Case #13: 200 0
Case #14: 504 496
Case #15: 203 1
Case #16: 192 1
Case #17: 238 0
Case #18: 236 1
Case #19: 499 0
Case #20: 242 1
Case #21: 228 0
Case #22: 228 1
Case #23: 249 0
Case #24: 500 0
Case #25: 237 105
Case #26: 190 1
Case #27: 226 1
Case #28: 244 100
Case #29: 224 0
Case #30: 207 0
Case #31: 204 109
Case #32: 1 0
Case #33: 236 105
Case #34: 2 0
Case #35: 232 1
Case #36: 169 101
Case #37: 241 0
Case #38: 242 102
Case #39: 500 0
Case #40: 178 102
Case #41: 175 0
Case #42: 223 105
Case #43: 500 0
Case #44: 500 0
Case #45: 225 0
Case #46: 189 0
Case #47: 237 1
Case #48: 226 102
Case #49: 243 101
Case #50: 192 1
Case #51: 244 0
Case #52: 213 1
Case #53: 198 1
Case #54: 219 1
Case #55: 194 1
Case #56: 235 0
Case #57: 500 0
Case #58: 174 0
Case #59: 248 0
Case #60: 178 0
Case #61: 190 1
Case #62: 207 100
Case #63: 500 0
Case #64: 500 0
Case #65: 188 101
Case #66: 521 0
Case #67: 216 1
Case #68: 500 0
Case #69: 182 108
Case #70: 499 1
Case #71: 172 108
Case #72: 201 0
Case #73: 173 104
Case #74: 175 0
Case #75: 177 110
Case #76: 209 0
Case #77: 500 0
Case #78: 219 0
Case #79: 203 104
Case #80: 173 105
Case #81: 210 1
Case #82: 500 0
Case #83: 205 0
Case #84: 217 109
Case #85: 171 110
Case #86: 3 0
Case #87: 226 100
Case #88: 184 103
Case #89: 183 0
Case #90: 236 106
Case #91: 499 0
Case #92: 242 0
Case #93: 507 493
Case #94: 500 0
Case #95: 240 107
Case #96: 1 1
Case #97: 168 0
Case #98: 500 0
Case #99: 500 0
Case #100: 1000 0
